#
# There is insufficient memory for the Java Runtime Environment to continue.
# Native memory allocation (mmap) failed to map 152043520 bytes for committing reserved memory.
# Possible reasons:
#   The system is out of physical RAM or swap space
#   In 32 bit mode, the process size limit was hit
# Possible solutions:
#   Reduce memory load on the system
#   Increase physical memory or swap space
#   Check if swap backing store is full
#   Use 64 bit Java on a 64 bit OS
#   Decrease Java heap size (-Xmx/-Xms)
#   Decrease number of Java threads
#   Decrease Java thread stack sizes (-Xss)
#   Set larger code cache with -XX:ReservedCodeCacheSize=
# This output file may be truncated or incomplete.
#
#  Out of Memory Error (os_linux.cpp:2627), pid=15832, tid=0x00007fc4f586c700
#
# JRE version: Java(TM) SE Runtime Environment (8.0_121-b13) (build 1.8.0_121-b13)
# Java VM: Java HotSpot(TM) 64-Bit Server VM (25.121-b13 mixed mode linux-amd64 compressed oops)
# Failed to write core dump. Core dumps have been disabled. To enable core dumping, try "ulimit -c unlimited" before starting Java again
#

---------------  T H R E A D  ---------------

Current thread (0x00007fc508075000):  VMThread [stack: 0x00007fc4f576c000,0x00007fc4f586d000] [id=15840]

Stack: [0x00007fc4f576c000,0x00007fc4f586d000],  sp=0x00007fc4f586b2a0,  free space=1020k
Native frames: (J=compiled Java code, j=interpreted, Vv=VM code, C=native code)
V  [libjvm.so+0xac703a]  VMError::report_and_die()+0x2ba
V  [libjvm.so+0x4fc7eb]  report_vm_out_of_memory(char const*, int, unsigned long, VMErrorType, char const*)+0x8b
V  [libjvm.so+0x923c43]  os::Linux::commit_memory_impl(char*, unsigned long, bool)+0x103
V  [libjvm.so+0x924199]  os::pd_commit_memory(char*, unsigned long, unsigned long, bool)+0x29
V  [libjvm.so+0x91e4aa]  os::commit_memory(char*, unsigned long, unsigned long, bool)+0x2a
V  [libjvm.so+0x992f03]  PSVirtualSpace::expand_by(unsigned long)+0x53
V  [libjvm.so+0x9837c0]  PSOldGen::expand(unsigned long)+0x170
V  [libjvm.so+0x9839cb]  PSOldGen::resize(unsigned long)+0x1cb
V  [libjvm.so+0x98b6d1]  PSParallelCompact::invoke_no_policy(bool)+0x991
V  [libjvm.so+0x99102d]  PSScavenge::invoke()+0x1ad
V  [libjvm.so+0x947c10]  ParallelScavengeHeap::failed_mem_allocate(unsigned long)+0x70
V  [libjvm.so+0xac8a57]  VM_ParallelGCFailedAllocation::doit()+0x97
V  [libjvm.so+0xad0535]  VM_Operation::evaluate()+0x55
V  [libjvm.so+0xace90a]  VMThread::evaluate_operation(VM_Operation*)+0xba
V  [libjvm.so+0xacec8e]  VMThread::loop()+0x1ce
V  [libjvm.so+0xacf100]  VMThread::run()+0x70
V  [libjvm.so+0x926268]  java_start(Thread*)+0x108

VM_Operation (0x00007fc4f4287700): ParallelGCFailedAllocation, mode: safepoint, requested by thread 0x00007fc508140800


---------------  P R O C E S S  ---------------

Java Threads: ( => current thread )
  0x00007fc50800b000 JavaThread "DestroyJavaVM" [_thread_blocked, id=15834, stack(0x00007fc50f49e000,0x00007fc50f59f000)]
  0x00007fc508145800 JavaThread "Thread-4" daemon [_thread_blocked, id=15860, stack(0x00007fc4bfdfe000,0x00007fc4bfeff000)]
  0x00007fc508143800 JavaThread "Thread-3" daemon [_thread_blocked, id=15859, stack(0x00007fc4bfeff000,0x00007fc4c0000000)]
  0x00007fc508142800 JavaThread "Thread-2" daemon [_thread_blocked, id=15858, stack(0x00007fc4f4087000,0x00007fc4f4188000)]
  0x00007fc508140800 JavaThread "Thread-1" [_thread_blocked, id=15857, stack(0x00007fc4f4188000,0x00007fc4f4289000)]
  0x00007fc50812f000 JavaThread "Monitor Ctrl-Break" daemon [_thread_in_native, id=15856, stack(0x00007fc4f47a1000,0x00007fc4f48a2000)]
  0x00007fc5080cd800 JavaThread "Service Thread" daemon [_thread_blocked, id=15853, stack(0x00007fc4f4be5000,0x00007fc4f4ce6000)]
  0x00007fc5080b8800 JavaThread "C1 CompilerThread1" daemon [_thread_blocked, id=15851, stack(0x00007fc4f4ce6000,0x00007fc4f4de7000)]
  0x00007fc5080b5800 JavaThread "C2 CompilerThread0" daemon [_thread_blocked, id=15849, stack(0x00007fc4f4de7000,0x00007fc4f4ee8000)]
  0x00007fc5080b4000 JavaThread "Signal Dispatcher" daemon [_thread_blocked, id=15847, stack(0x00007fc4f4ee8000,0x00007fc4f4fe9000)]
  0x00007fc508081000 JavaThread "Finalizer" daemon [_thread_blocked, id=15845, stack(0x00007fc4f556a000,0x00007fc4f566b000)]
  0x00007fc50807c800 JavaThread "Reference Handler" daemon [_thread_blocked, id=15844, stack(0x00007fc4f566b000,0x00007fc4f576c000)]

Other Threads:
=>0x00007fc508075000 VMThread [stack: 0x00007fc4f576c000,0x00007fc4f586d000] [id=15840]
  0x00007fc5080d0000 WatcherThread [stack: 0x00007fc4f4ae4000,0x00007fc4f4be5000] [id=15854]

VM state:at safepoint (normal execution)

VM Mutex/Monitor currently owned by a thread:  ([mutex/lock_event])
[0x00007fc5080070e0] ExpandHeap_lock - owner thread: 0x00007fc508075000
[0x00007fc508007760] Threads_lock - owner thread: 0x00007fc508075000
[0x00007fc508007c60] Heap_lock - owner thread: 0x00007fc508140800

Heap:
 PSYoungGen      total 207360K, used 80341K [0x00000000eb700000, 0x0000000100000000, 0x0000000100000000)
  eden space 95232K, 0% used [0x00000000eb700000,0x00000000eb700000,0x00000000f1400000)
  from space 112128K, 71% used [0x00000000f1400000,0x00000000f62756e0,0x00000000f8180000)
  to   space 112128K, 0% used [0x00000000f9280000,0x00000000f9280000,0x0000000100000000)
 ParOldGen       total 526336K, used 526331K [0x00000000c2400000, 0x00000000e2600000, 0x00000000eb700000)
  object space 526336K, 99% used [0x00000000c2400000,0x00000000e25fef98,0x00000000e2600000)
 Metaspace       used 3518K, capacity 4568K, committed 4864K, reserved 1056768K
  class space    used 390K, capacity 392K, committed 512K, reserved 1048576K

Card table byte_map: [0x00007fc50c05b000,0x00007fc50c24a000] byte_map_base: 0x00007fc50ba49000

Marking Bits: (ParMarkBitMap*) 0x00007fc50e974c80
 Begin Bits: [0x00007fc4f6dd4000, 0x00007fc4f7d44000)
 End Bits:   [0x00007fc4f7d44000, 0x00007fc4f8cb4000)

Polling page: 0x00007fc50f5c4000

CodeCache: size=245760Kb used=1290Kb max_used=1303Kb free=244469Kb
 bounds [0x00007fc4f9000000, 0x00007fc4f9270000, 0x00007fc508000000]
 total_blobs=364 nmethods=126 adapters=154
 compilation: enabled

Compilation events (10 events):
Event: 2,739 Thread 0x00007fc5080b8800  122       3       java.nio.ByteBuffer::arrayOffset (35 bytes)
Event: 2,739 Thread 0x00007fc5080b8800 nmethod 122 0x00007fc4f9138990 code [0x00007fc4f9138b20, 0x00007fc4f9138dd8]
Event: 2,774 Thread 0x00007fc5080b8800  123       3       java.util.concurrent.locks.AbstractQueuedSynchronizer::release (33 bytes)
Event: 2,775 Thread 0x00007fc5080b8800 nmethod 123 0x00007fc4f9138390 code [0x00007fc4f9138520, 0x00007fc4f9138838]
Event: 2,825 Thread 0x00007fc5080b5800  124 % !   4       java.util.concurrent.LinkedBlockingQueue::drainTo @ 66 (226 bytes)
Event: 5,618 Thread 0x00007fc5080b8800  125       3       java.nio.CharBuffer::arrayOffset (35 bytes)
Event: 5,619 Thread 0x00007fc5080b8800 nmethod 125 0x00007fc4f913a490 code [0x00007fc4f913a620, 0x00007fc4f913a8d8]
Event: 5,619 Thread 0x00007fc5080b5800 nmethod 124% 0x00007fc4f9143b90 code [0x00007fc4f9143de0, 0x00007fc4f9144a20]
Event: 5,627 Thread 0x00007fc5080b5800  126   !   4       java.util.concurrent.LinkedBlockingQueue::drainTo (226 bytes)
Event: 5,749 Thread 0x00007fc5080b5800 nmethod 126 0x00007fc4f91459d0 code [0x00007fc4f9145c00, 0x00007fc4f9146690]

GC Heap History (10 events):
Event: 23,842 GC heap after
Heap after GC invocations=14 (full 4):
 PSYoungGen      total 180224K, used 112128K [0x00000000eb700000, 0x00000000fd880000, 0x0000000100000000)
  eden space 68096K, 0% used [0x00000000eb700000,0x00000000eb700000,0x00000000ef980000)
  from space 112128K, 100% used [0x00000000f6700000,0x00000000fd480000,0x00000000fd480000)
  to   space 112128K, 0% used [0x00000000ef980000,0x00000000ef980000,0x00000000f6700000)
 ParOldGen       total 361984K, used 273639K [0x00000000c2400000, 0x00000000d8580000, 0x00000000eb700000)
  object space 361984K, 75% used [0x00000000c2400000,0x00000000d2f39c60,0x00000000d8580000)
 Metaspace       used 3518K, capacity 4568K, committed 4864K, reserved 1056768K
  class space    used 390K, capacity 392K, committed 512K, reserved 1048576K
}
Event: 24,006 GC heap before
{Heap before GC invocations=15 (full 4):
 PSYoungGen      total 180224K, used 180224K [0x00000000eb700000, 0x00000000fd880000, 0x0000000100000000)
  eden space 68096K, 100% used [0x00000000eb700000,0x00000000ef980000,0x00000000ef980000)
  from space 112128K, 100% used [0x00000000f6700000,0x00000000fd480000,0x00000000fd480000)
  to   space 112128K, 0% used [0x00000000ef980000,0x00000000ef980000,0x00000000f6700000)
 ParOldGen       total 361984K, used 273639K [0x00000000c2400000, 0x00000000d8580000, 0x00000000eb700000)
  object space 361984K, 75% used [0x00000000c2400000,0x00000000d2f39c60,0x00000000d8580000)
 Metaspace       used 3518K, capacity 4568K, committed 4864K, reserved 1056768K
  class space    used 390K, capacity 392K, committed 512K, reserved 1048576K
Event: 25,133 GC heap after
Heap after GC invocations=15 (full 4):
 PSYoungGen      total 180224K, used 112128K [0x00000000eb700000, 0x00000000fef00000, 0x0000000100000000)
  eden space 68096K, 0% used [0x00000000eb700000,0x00000000eb700000,0x00000000ef980000)
  from space 112128K, 100% used [0x00000000ef980000,0x00000000f6700000,0x00000000f6700000)
  to   space 112128K, 0% used [0x00000000f8180000,0x00000000f8180000,0x00000000fef00000)
 ParOldGen       total 361984K, used 341959K [0x00000000c2400000, 0x00000000d8580000, 0x00000000eb700000)
  object space 361984K, 94% used [0x00000000c2400000,0x00000000d71f1c60,0x00000000d8580000)
 Metaspace       used 3518K, capacity 4568K, committed 4864K, reserved 1056768K
  class space    used 390K, capacity 392K, committed 512K, reserved 1048576K
}
Event: 25,134 GC heap before
{Heap before GC invocations=16 (full 5):
 PSYoungGen      total 180224K, used 112128K [0x00000000eb700000, 0x00000000fef00000, 0x0000000100000000)
  eden space 68096K, 0% used [0x00000000eb700000,0x00000000eb700000,0x00000000ef980000)
  from space 112128K, 100% used [0x00000000ef980000,0x00000000f6700000,0x00000000f6700000)
  to   space 112128K, 0% used [0x00000000f8180000,0x00000000f8180000,0x00000000fef00000)
 ParOldGen       total 361984K, used 341959K [0x00000000c2400000, 0x00000000d8580000, 0x00000000eb700000)
  object space 361984K, 94% used [0x00000000c2400000,0x00000000d71f1c60,0x00000000d8580000)
 Metaspace       used 3518K, capacity 4568K, committed 4864K, reserved 1056768K
  class space    used 390K, capacity 392K, committed 512K, reserved 1048576K
Event: 33,160 GC heap after
Heap after GC invocations=16 (full 5):
 PSYoungGen      total 180224K, used 89001K [0x00000000eb700000, 0x00000000fef00000, 0x0000000100000000)
  eden space 68096K, 0% used [0x00000000eb700000,0x00000000eb700000,0x00000000ef980000)
  from space 112128K, 79% used [0x00000000ef980000,0x00000000f506a400,0x00000000f6700000)
  to   space 112128K, 0% used [0x00000000f8180000,0x00000000f8180000,0x00000000fef00000)
 ParOldGen       total 526336K, used 361944K [0x00000000c2400000, 0x00000000e2600000, 0x00000000eb700000)
  object space 526336K, 68% used [0x00000000c2400000,0x00000000d85763c0,0x00000000e2600000)
 Metaspace       used 3518K, capacity 4568K, committed 4864K, reserved 1056768K
  class space    used 390K, capacity 392K, committed 512K, reserved 1048576K
}
Event: 33,332 GC heap before
{Heap before GC invocations=17 (full 5):
 PSYoungGen      total 180224K, used 157097K [0x00000000eb700000, 0x00000000fef00000, 0x0000000100000000)
  eden space 68096K, 100% used [0x00000000eb700000,0x00000000ef980000,0x00000000ef980000)
  from space 112128K, 79% used [0x00000000ef980000,0x00000000f506a400,0x00000000f6700000)
  to   space 112128K, 0% used [0x00000000f8180000,0x00000000f8180000,0x00000000fef00000)
 ParOldGen       total 526336K, used 361944K [0x00000000c2400000, 0x00000000e2600000, 0x00000000eb700000)
  object space 526336K, 68% used [0x00000000c2400000,0x00000000d85763c0,0x00000000e2600000)
 Metaspace       used 3518K, capacity 4568K, committed 4864K, reserved 1056768K
  class space    used 390K, capacity 392K, committed 512K, reserved 1048576K
Event: 34,924 GC heap after
Heap after GC invocations=17 (full 5):
 PSYoungGen      total 202240K, used 112128K [0x00000000eb700000, 0x00000000fef00000, 0x0000000100000000)
  eden space 90112K, 0% used [0x00000000eb700000,0x00000000eb700000,0x00000000f0f00000)
  from space 112128K, 100% used [0x00000000f8180000,0x00000000fef00000,0x00000000fef00000)
  to   space 112128K, 0% used [0x00000000f1400000,0x00000000f1400000,0x00000000f8180000)
 ParOldGen       total 526336K, used 407184K [0x00000000c2400000, 0x00000000e2600000, 0x00000000eb700000)
  object space 526336K, 77% used [0x00000000c2400000,0x00000000db1a43c0,0x00000000e2600000)
 Metaspace       used 3518K, capacity 4568K, committed 4864K, reserved 1056768K
  class space    used 390K, capacity 392K, committed 512K, reserved 1048576K
}
Event: 35,144 GC heap before
{Heap before GC invocations=18 (full 5):
 PSYoungGen      total 202240K, used 202240K [0x00000000eb700000, 0x00000000fef00000, 0x0000000100000000)
  eden space 90112K, 100% used [0x00000000eb700000,0x00000000f0f00000,0x00000000f0f00000)
  from space 112128K, 100% used [0x00000000f8180000,0x00000000fef00000,0x00000000fef00000)
  to   space 112128K, 0% used [0x00000000f1400000,0x00000000f1400000,0x00000000f8180000)
 ParOldGen       total 526336K, used 407184K [0x00000000c2400000, 0x00000000e2600000, 0x00000000eb700000)
  object space 526336K, 77% used [0x00000000c2400000,0x00000000db1a43c0,0x00000000e2600000)
 Metaspace       used 3518K, capacity 4568K, committed 4864K, reserved 1056768K
  class space    used 390K, capacity 392K, committed 512K, reserved 1048576K
Event: 62,525 GC heap after
Heap after GC invocations=18 (full 5):
 PSYoungGen      total 207360K, used 90208K [0x00000000eb700000, 0x0000000100000000, 0x0000000100000000)
  eden space 95232K, 0% used [0x00000000eb700000,0x00000000eb700000,0x00000000f1400000)
  from space 112128K, 80% used [0x00000000f1400000,0x00000000f6c18000,0x00000000f8180000)
  to   space 112128K, 0% used [0x00000000f9280000,0x00000000f9280000,0x0000000100000000)
 ParOldGen       total 526336K, used 519648K [0x00000000c2400000, 0x00000000e2600000, 0x00000000eb700000)
  object space 526336K, 98% used [0x00000000c2400000,0x00000000e1f783c0,0x00000000e2600000)
 Metaspace       used 3518K, capacity 4568K, committed 4864K, reserved 1056768K
  class space    used 390K, capacity 392K, committed 512K, reserved 1048576K
}
Event: 62,581 GC heap before
{Heap before GC invocations=19 (full 6):
 PSYoungGen      total 207360K, used 90208K [0x00000000eb700000, 0x0000000100000000, 0x0000000100000000)
  eden space 95232K, 0% used [0x00000000eb700000,0x00000000eb700000,0x00000000f1400000)
  from space 112128K, 80% used [0x00000000f1400000,0x00000000f6c18000,0x00000000f8180000)
  to   space 112128K, 0% used [0x00000000f9280000,0x00000000f9280000,0x0000000100000000)
 ParOldGen       total 526336K, used 519648K [0x00000000c2400000, 0x00000000e2600000, 0x00000000eb700000)
  object space 526336K, 98% used [0x00000000c2400000,0x00000000e1f783c0,0x00000000e2600000)
 Metaspace       used 3518K, capacity 4568K, committed 4864K, reserved 1056768K
  class space    used 390K, capacity 392K, committed 512K, reserved 1048576K

Deoptimization events (4 events):
Event: 1,126 Thread 0x00007fc50800b000 Uncommon trap: reason=unstable_if action=reinterpret pc=0x00007fc4f912cdb8 method=java.lang.Integer.getChars(II[C)V @ 20
Event: 1,357 Thread 0x00007fc508145800 Uncommon trap: reason=unstable_if action=reinterpret pc=0x00007fc4f912d16c method=java.util.concurrent.locks.ReentrantLock$NonfairSync.lock()V @ 6
Event: 1,424 Thread 0x00007fc508142800 Uncommon trap: reason=unstable_if action=reinterpret pc=0x00007fc4f912eda0 method=java.util.concurrent.locks.AbstractQueuedSynchronizer.release(I)Z @ 14
Event: 5,627 Thread 0x00007fc508142800 Uncommon trap: reason=unstable_if action=reinterpret pc=0x00007fc4f9128c98 method=java.util.concurrent.locks.AbstractQueuedSynchronizer.release(I)Z @ 14

Internal exceptions (2 events):
Event: 0,458 Thread 0x00007fc50800b000 Exception <a 'java/lang/NoSuchMethodError': Method sun.misc.Unsafe.defineClass(Ljava/lang/String;[BII)Ljava/lang/Class; name or signature does not match> (0x00000000eb707ca8) thrown at [/HUDSON3/workspace/8-2-build-linux-amd64/jdk8u121/8372/hotspot/src/sh
Event: 0,458 Thread 0x00007fc50800b000 Exception <a 'java/lang/NoSuchMethodError': Method sun.misc.Unsafe.prefetchRead(Ljava/lang/Object;J)V name or signature does not match> (0x00000000eb707f90) thrown at [/HUDSON3/workspace/8-2-build-linux-amd64/jdk8u121/8372/hotspot/src/share/vm/prims/jni.c

Events (10 events):
Event: 19,657 Executing VM operation: ParallelGCFailedAllocation done
Event: 19,790 Executing VM operation: ParallelGCFailedAllocation
Event: 20,630 Executing VM operation: ParallelGCFailedAllocation done
Event: 20,758 Executing VM operation: ParallelGCFailedAllocation
Event: 23,842 Executing VM operation: ParallelGCFailedAllocation done
Event: 24,006 Executing VM operation: ParallelGCFailedAllocation
Event: 33,160 Executing VM operation: ParallelGCFailedAllocation done
Event: 33,332 Executing VM operation: ParallelGCFailedAllocation
Event: 34,924 Executing VM operation: ParallelGCFailedAllocation done
Event: 35,144 Executing VM operation: ParallelGCFailedAllocation


Dynamic libraries:
00400000-00401000 r-xp 00000000 08:05 669797                             /mnt/ddcf74aa-1b78-49fa-aa4f-6c819ce0872a/vas/1. Soft/jdk1.8.0_121/bin/java
00600000-00601000 rw-p 00000000 08:05 669797                             /mnt/ddcf74aa-1b78-49fa-aa4f-6c819ce0872a/vas/1. Soft/jdk1.8.0_121/bin/java
01ffa000-0201b000 rw-p 00000000 00:00 0                                  [heap]
c2400000-e2600000 rw-p 00000000 00:00 0 
eb700000-100000000 rw-p 00000000 00:00 0 
100000000-100080000 rw-p 00000000 00:00 0 
100080000-140000000 ---p 00000000 00:00 0 
7fc4b8000000-7fc4b8021000 rw-p 00000000 00:00 0 
7fc4b8021000-7fc4bc000000 ---p 00000000 00:00 0 
7fc4bfdfe000-7fc4bfe01000 ---p 00000000 00:00 0 
7fc4bfe01000-7fc4bfeff000 rw-p 00000000 00:00 0 
7fc4bfeff000-7fc4bff02000 ---p 00000000 00:00 0 
7fc4bff02000-7fc4c0000000 rw-p 00000000 00:00 0 
7fc4c0000000-7fc4c0021000 rw-p 00000000 00:00 0 
7fc4c0021000-7fc4c4000000 ---p 00000000 00:00 0 
7fc4c4000000-7fc4c428d000 rw-p 00000000 00:00 0 
7fc4c428d000-7fc4c8000000 ---p 00000000 00:00 0 
7fc4c8000000-7fc4c8021000 rw-p 00000000 00:00 0 
7fc4c8021000-7fc4cc000000 ---p 00000000 00:00 0 
7fc4cc000000-7fc4cc021000 rw-p 00000000 00:00 0 
7fc4cc021000-7fc4d0000000 ---p 00000000 00:00 0 
7fc4d0000000-7fc4d00f6000 rw-p 00000000 00:00 0 
7fc4d00f6000-7fc4d4000000 ---p 00000000 00:00 0 
7fc4d4000000-7fc4d4021000 rw-p 00000000 00:00 0 
7fc4d4021000-7fc4d8000000 ---p 00000000 00:00 0 
7fc4d8000000-7fc4d8021000 rw-p 00000000 00:00 0 
7fc4d8021000-7fc4dc000000 ---p 00000000 00:00 0 
7fc4dc000000-7fc4dc144000 rw-p 00000000 00:00 0 
7fc4dc144000-7fc4e0000000 ---p 00000000 00:00 0 
7fc4e0000000-7fc4e0021000 rw-p 00000000 00:00 0 
7fc4e0021000-7fc4e4000000 ---p 00000000 00:00 0 
7fc4e4000000-7fc4e4021000 rw-p 00000000 00:00 0 
7fc4e4021000-7fc4e8000000 ---p 00000000 00:00 0 
7fc4e8000000-7fc4e8021000 rw-p 00000000 00:00 0 
7fc4e8021000-7fc4ec000000 ---p 00000000 00:00 0 
7fc4ec000000-7fc4ec292000 rw-p 00000000 00:00 0 
7fc4ec292000-7fc4f0000000 ---p 00000000 00:00 0 
7fc4f0000000-7fc4f0021000 rw-p 00000000 00:00 0 
7fc4f0021000-7fc4f4000000 ---p 00000000 00:00 0 
7fc4f4051000-7fc4f4058000 r--s 00000000 08:07 1194665                    /usr/lib/x86_64-linux-gnu/gconv/gconv-modules.cache
7fc4f4058000-7fc4f4087000 r--p 00000000 08:07 1197146                    /usr/share/locale-langpack/ru/LC_MESSAGES/libc.mo
7fc4f4087000-7fc4f408a000 ---p 00000000 00:00 0 
7fc4f408a000-7fc4f4188000 rw-p 00000000 00:00 0 
7fc4f4188000-7fc4f418b000 ---p 00000000 00:00 0 
7fc4f418b000-7fc4f458a000 rw-p 00000000 00:00 0 
7fc4f458a000-7fc4f45a0000 r-xp 00000000 08:05 669879                     /mnt/ddcf74aa-1b78-49fa-aa4f-6c819ce0872a/vas/1. Soft/jdk1.8.0_121/jre/lib/amd64/libnet.so
7fc4f45a0000-7fc4f47a0000 ---p 00016000 08:05 669879                     /mnt/ddcf74aa-1b78-49fa-aa4f-6c819ce0872a/vas/1. Soft/jdk1.8.0_121/jre/lib/amd64/libnet.so
7fc4f47a0000-7fc4f47a1000 rw-p 00016000 08:05 669879                     /mnt/ddcf74aa-1b78-49fa-aa4f-6c819ce0872a/vas/1. Soft/jdk1.8.0_121/jre/lib/amd64/libnet.so
7fc4f47a1000-7fc4f47a4000 ---p 00000000 00:00 0 
7fc4f47a4000-7fc4f48a2000 rw-p 00000000 00:00 0 
7fc4f48a2000-7fc4f48a3000 r-xp 00000000 08:05 525924                     /mnt/ddcf74aa-1b78-49fa-aa4f-6c819ce0872a/vas/1. Soft/1. Идея Дистрибутив/2. Idea.16.3/Idea 16.3/bin/libbreakgen64.so
7fc4f48a3000-7fc4f4aa2000 ---p 00001000 08:05 525924                     /mnt/ddcf74aa-1b78-49fa-aa4f-6c819ce0872a/vas/1. Soft/1. Идея Дистрибутив/2. Idea.16.3/Idea 16.3/bin/libbreakgen64.so
7fc4f4aa2000-7fc4f4aa3000 r--p 00000000 08:05 525924                     /mnt/ddcf74aa-1b78-49fa-aa4f-6c819ce0872a/vas/1. Soft/1. Идея Дистрибутив/2. Idea.16.3/Idea 16.3/bin/libbreakgen64.so
7fc4f4aa3000-7fc4f4aa4000 rw-p 00001000 08:05 525924                     /mnt/ddcf74aa-1b78-49fa-aa4f-6c819ce0872a/vas/1. Soft/1. Идея Дистрибутив/2. Idea.16.3/Idea 16.3/bin/libbreakgen64.so
7fc4f4aa4000-7fc4f4ab7000 r--s 00345000 08:05 670007                     /mnt/ddcf74aa-1b78-49fa-aa4f-6c819ce0872a/vas/1. Soft/jdk1.8.0_121/jre/lib/resources.jar
7fc4f4ab7000-7fc4f4ac9000 r--s 000d6000 08:05 670006                     /mnt/ddcf74aa-1b78-49fa-aa4f-6c819ce0872a/vas/1. Soft/jdk1.8.0_121/jre/lib/plugin.jar
7fc4f4ac9000-7fc4f4ae4000 r--s 00209000 08:05 669987                     /mnt/ddcf74aa-1b78-49fa-aa4f-6c819ce0872a/vas/1. Soft/jdk1.8.0_121/jre/lib/deploy.jar
7fc4f4ae4000-7fc4f4ae5000 ---p 00000000 00:00 0 
7fc4f4ae5000-7fc4f4be5000 rw-p 00000000 00:00 0 
7fc4f4be5000-7fc4f4be8000 ---p 00000000 00:00 0 
7fc4f4be8000-7fc4f4ce6000 rw-p 00000000 00:00 0 
7fc4f4ce6000-7fc4f4ce9000 ---p 00000000 00:00 0 
7fc4f4ce9000-7fc4f4de7000 rw-p 00000000 00:00 0 
7fc4f4de7000-7fc4f4dea000 ---p 00000000 00:00 0 
7fc4f4dea000-7fc4f4ee8000 rw-p 00000000 00:00 0 
7fc4f4ee8000-7fc4f4eeb000 ---p 00000000 00:00 0 
7fc4f4eeb000-7fc4f4fe9000 rw-p 00000000 00:00 0 
7fc4f4fe9000-7fc4f556a000 r--p 00000000 08:07 915812                     /usr/lib/locale/locale-archive
7fc4f556a000-7fc4f556d000 ---p 00000000 00:00 0 
7fc4f556d000-7fc4f566b000 rw-p 00000000 00:00 0 
7fc4f566b000-7fc4f566e000 ---p 00000000 00:00 0 
7fc4f566e000-7fc4f576c000 rw-p 00000000 00:00 0 
7fc4f576c000-7fc4f576d000 ---p 00000000 00:00 0 
7fc4f576d000-7fc4f6197000 rw-p 00000000 00:00 0 
7fc4f6197000-7fc4f6370000 r--s 03d3e000 08:05 669871                     /mnt/ddcf74aa-1b78-49fa-aa4f-6c819ce0872a/vas/1. Soft/jdk1.8.0_121/jre/lib/rt.jar
7fc4f6370000-7fc4f6826000 rw-p 00000000 00:00 0 
7fc4f6826000-7fc4f6be6000 ---p 00000000 00:00 0 
7fc4f6be6000-7fc4f8cb4000 rw-p 00000000 00:00 0 
7fc4f8cb4000-7fc4f8cb5000 ---p 00000000 00:00 0 
7fc4f8cb5000-7fc4f8db5000 rw-p 00000000 00:00 0 
7fc4f8db5000-7fc4f8db6000 ---p 00000000 00:00 0 
7fc4f8db6000-7fc4f8fb7000 rw-p 00000000 00:00 0 
7fc4f8fb7000-7fc4f9000000 ---p 00000000 00:00 0 
7fc4f9000000-7fc4f9270000 rwxp 00000000 00:00 0 
7fc4f9270000-7fc508000000 ---p 00000000 00:00 0 
7fc508000000-7fc508149000 rw-p 00000000 00:00 0 
7fc508149000-7fc50c000000 ---p 00000000 00:00 0 
7fc50c001000-7fc50c005000 r--s 0009a000 08:05 669823                     /mnt/ddcf74aa-1b78-49fa-aa4f-6c819ce0872a/vas/1. Soft/jdk1.8.0_121/jre/lib/jsse.jar
7fc50c005000-7fc50c00a000 r--s 00084000 08:05 669978                     /mnt/ddcf74aa-1b78-49fa-aa4f-6c819ce0872a/vas/1. Soft/jdk1.8.0_121/jre/lib/jfr.jar
7fc50c00a000-7fc50c014000 r--s 0006c000 08:05 669986                     /mnt/ddcf74aa-1b78-49fa-aa4f-6c819ce0872a/vas/1. Soft/jdk1.8.0_121/jre/lib/javaws.jar
7fc50c014000-7fc50c019000 r--s 002f9000 08:05 669824                     /mnt/ddcf74aa-1b78-49fa-aa4f-6c819ce0872a/vas/1. Soft/jdk1.8.0_121/jre/lib/charsets.jar
7fc50c019000-7fc50c15c000 rw-p 00000000 00:00 0 
7fc50c15c000-7fc50c1a4000 ---p 00000000 00:00 0 
7fc50c1a4000-7fc50c249000 rw-p 00000000 00:00 0 
7fc50c249000-7fc50c254000 rw-p 00000000 00:00 0 
7fc50c254000-7fc50c60a000 ---p 00000000 00:00 0 
7fc50c60a000-7fc50c624000 r-xp 00000000 08:05 669902                     /mnt/ddcf74aa-1b78-49fa-aa4f-6c819ce0872a/vas/1. Soft/jdk1.8.0_121/jre/lib/amd64/libzip.so
7fc50c624000-7fc50c824000 ---p 0001a000 08:05 669902                     /mnt/ddcf74aa-1b78-49fa-aa4f-6c819ce0872a/vas/1. Soft/jdk1.8.0_121/jre/lib/amd64/libzip.so
7fc50c824000-7fc50c825000 rw-p 0001a000 08:05 669902                     /mnt/ddcf74aa-1b78-49fa-aa4f-6c819ce0872a/vas/1. Soft/jdk1.8.0_121/jre/lib/amd64/libzip.so
7fc50c825000-7fc50c830000 r-xp 00000000 08:07 654148                     /lib/x86_64-linux-gnu/libnss_files-2.23.so
7fc50c830000-7fc50ca2f000 ---p 0000b000 08:07 654148                     /lib/x86_64-linux-gnu/libnss_files-2.23.so
7fc50ca2f000-7fc50ca30000 r--p 0000a000 08:07 654148                     /lib/x86_64-linux-gnu/libnss_files-2.23.so
7fc50ca30000-7fc50ca31000 rw-p 0000b000 08:07 654148                     /lib/x86_64-linux-gnu/libnss_files-2.23.so
7fc50ca31000-7fc50ca37000 rw-p 00000000 00:00 0 
7fc50ca37000-7fc50ca42000 r-xp 00000000 08:07 653337                     /lib/x86_64-linux-gnu/libnss_nis-2.23.so
7fc50ca42000-7fc50cc41000 ---p 0000b000 08:07 653337                     /lib/x86_64-linux-gnu/libnss_nis-2.23.so
7fc50cc41000-7fc50cc42000 r--p 0000a000 08:07 653337                     /lib/x86_64-linux-gnu/libnss_nis-2.23.so
7fc50cc42000-7fc50cc43000 rw-p 0000b000 08:07 653337                     /lib/x86_64-linux-gnu/libnss_nis-2.23.so
7fc50cc43000-7fc50cc59000 r-xp 00000000 08:07 654138                     /lib/x86_64-linux-gnu/libnsl-2.23.so
7fc50cc59000-7fc50ce58000 ---p 00016000 08:07 654138                     /lib/x86_64-linux-gnu/libnsl-2.23.so
7fc50ce58000-7fc50ce59000 r--p 00015000 08:07 654138                     /lib/x86_64-linux-gnu/libnsl-2.23.so
7fc50ce59000-7fc50ce5a000 rw-p 00016000 08:07 654138                     /lib/x86_64-linux-gnu/libnsl-2.23.so
7fc50ce5a000-7fc50ce5c000 rw-p 00000000 00:00 0 
7fc50ce5c000-7fc50ce64000 r-xp 00000000 08:07 654152                     /lib/x86_64-linux-gnu/libnss_compat-2.23.so
7fc50ce64000-7fc50d063000 ---p 00008000 08:07 654152                     /lib/x86_64-linux-gnu/libnss_compat-2.23.so
7fc50d063000-7fc50d064000 r--p 00007000 08:07 654152                     /lib/x86_64-linux-gnu/libnss_compat-2.23.so
7fc50d064000-7fc50d065000 rw-p 00008000 08:07 654152                     /lib/x86_64-linux-gnu/libnss_compat-2.23.so
7fc50d065000-7fc50d090000 r-xp 00000000 08:05 669929                     /mnt/ddcf74aa-1b78-49fa-aa4f-6c819ce0872a/vas/1. Soft/jdk1.8.0_121/jre/lib/amd64/libjava.so
7fc50d090000-7fc50d28f000 ---p 0002b000 08:05 669929                     /mnt/ddcf74aa-1b78-49fa-aa4f-6c819ce0872a/vas/1. Soft/jdk1.8.0_121/jre/lib/amd64/libjava.so
7fc50d28f000-7fc50d291000 rw-p 0002a000 08:05 669929                     /mnt/ddcf74aa-1b78-49fa-aa4f-6c819ce0872a/vas/1. Soft/jdk1.8.0_121/jre/lib/amd64/libjava.so
7fc50d291000-7fc50d29e000 r-xp 00000000 08:05 669880                     /mnt/ddcf74aa-1b78-49fa-aa4f-6c819ce0872a/vas/1. Soft/jdk1.8.0_121/jre/lib/amd64/libverify.so
7fc50d29e000-7fc50d49d000 ---p 0000d000 08:05 669880                     /mnt/ddcf74aa-1b78-49fa-aa4f-6c819ce0872a/vas/1. Soft/jdk1.8.0_121/jre/lib/amd64/libverify.so
7fc50d49d000-7fc50d49f000 rw-p 0000c000 08:05 669880                     /mnt/ddcf74aa-1b78-49fa-aa4f-6c819ce0872a/vas/1. Soft/jdk1.8.0_121/jre/lib/amd64/libverify.so
7fc50d49f000-7fc50d4a6000 r-xp 00000000 08:07 654155                     /lib/x86_64-linux-gnu/librt-2.23.so
7fc50d4a6000-7fc50d6a5000 ---p 00007000 08:07 654155                     /lib/x86_64-linux-gnu/librt-2.23.so
7fc50d6a5000-7fc50d6a6000 r--p 00006000 08:07 654155                     /lib/x86_64-linux-gnu/librt-2.23.so
7fc50d6a6000-7fc50d6a7000 rw-p 00007000 08:07 654155                     /lib/x86_64-linux-gnu/librt-2.23.so
7fc50d6a7000-7fc50d7af000 r-xp 00000000 08:07 654136                     /lib/x86_64-linux-gnu/libm-2.23.so
7fc50d7af000-7fc50d9ae000 ---p 00108000 08:07 654136                     /lib/x86_64-linux-gnu/libm-2.23.so
7fc50d9ae000-7fc50d9af000 r--p 00107000 08:07 654136                     /lib/x86_64-linux-gnu/libm-2.23.so
7fc50d9af000-7fc50d9b0000 rw-p 00108000 08:07 654136                     /lib/x86_64-linux-gnu/libm-2.23.so
7fc50d9b0000-7fc50e67e000 r-xp 00000000 08:05 669933                     /mnt/ddcf74aa-1b78-49fa-aa4f-6c819ce0872a/vas/1. Soft/jdk1.8.0_121/jre/lib/amd64/server/libjvm.so
7fc50e67e000-7fc50e87e000 ---p 00cce000 08:05 669933                     /mnt/ddcf74aa-1b78-49fa-aa4f-6c819ce0872a/vas/1. Soft/jdk1.8.0_121/jre/lib/amd64/server/libjvm.so
7fc50e87e000-7fc50e957000 rw-p 00cce000 08:05 669933                     /mnt/ddcf74aa-1b78-49fa-aa4f-6c819ce0872a/vas/1. Soft/jdk1.8.0_121/jre/lib/amd64/server/libjvm.so
7fc50e957000-7fc50e9a2000 rw-p 00000000 00:00 0 
7fc50e9a2000-7fc50eb61000 r-xp 00000000 08:07 654140                     /lib/x86_64-linux-gnu/libc-2.23.so
7fc50eb61000-7fc50ed61000 ---p 001bf000 08:07 654140                     /lib/x86_64-linux-gnu/libc-2.23.so
7fc50ed61000-7fc50ed65000 r--p 001bf000 08:07 654140                     /lib/x86_64-linux-gnu/libc-2.23.so
7fc50ed65000-7fc50ed67000 rw-p 001c3000 08:07 654140                     /lib/x86_64-linux-gnu/libc-2.23.so
7fc50ed67000-7fc50ed6b000 rw-p 00000000 00:00 0 
7fc50ed6b000-7fc50ed6e000 r-xp 00000000 08:07 653335                     /lib/x86_64-linux-gnu/libdl-2.23.so
7fc50ed6e000-7fc50ef6d000 ---p 00003000 08:07 653335                     /lib/x86_64-linux-gnu/libdl-2.23.so
7fc50ef6d000-7fc50ef6e000 r--p 00002000 08:07 653335                     /lib/x86_64-linux-gnu/libdl-2.23.so
7fc50ef6e000-7fc50ef6f000 rw-p 00003000 08:07 653335                     /lib/x86_64-linux-gnu/libdl-2.23.so
7fc50ef6f000-7fc50ef84000 r-xp 00000000 08:05 534662                     /mnt/ddcf74aa-1b78-49fa-aa4f-6c819ce0872a/vas/1. Soft/jdk1.8.0_121/lib/amd64/jli/libjli.so
7fc50ef84000-7fc50f184000 ---p 00015000 08:05 534662                     /mnt/ddcf74aa-1b78-49fa-aa4f-6c819ce0872a/vas/1. Soft/jdk1.8.0_121/lib/amd64/jli/libjli.so
7fc50f184000-7fc50f185000 rw-p 00015000 08:05 534662                     /mnt/ddcf74aa-1b78-49fa-aa4f-6c819ce0872a/vas/1. Soft/jdk1.8.0_121/lib/amd64/jli/libjli.so
7fc50f185000-7fc50f19d000 r-xp 00000000 08:07 654163                     /lib/x86_64-linux-gnu/libpthread-2.23.so
7fc50f19d000-7fc50f39c000 ---p 00018000 08:07 654163                     /lib/x86_64-linux-gnu/libpthread-2.23.so
7fc50f39c000-7fc50f39d000 r--p 00017000 08:07 654163                     /lib/x86_64-linux-gnu/libpthread-2.23.so
7fc50f39d000-7fc50f39e000 rw-p 00018000 08:07 654163                     /lib/x86_64-linux-gnu/libpthread-2.23.so
7fc50f39e000-7fc50f3a2000 rw-p 00000000 00:00 0 
7fc50f3a2000-7fc50f3c8000 r-xp 00000000 08:07 654142                     /lib/x86_64-linux-gnu/ld-2.23.so
7fc50f3c8000-7fc50f3ca000 r--s 00019000 08:05 667355                     /mnt/ddcf74aa-1b78-49fa-aa4f-6c819ce0872a/vas/1. Soft/1. Идея Дистрибутив/2. Idea.16.3/Idea 16.3/lib/idea_rt.jar
7fc50f3ca000-7fc50f3cc000 r--s 00007000 08:05 669944                     /mnt/ddcf74aa-1b78-49fa-aa4f-6c819ce0872a/vas/1. Soft/jdk1.8.0_121/jre/lib/jfxswt.jar
7fc50f3cc000-7fc50f49e000 rw-p 00000000 00:00 0 
7fc50f49e000-7fc50f4a1000 ---p 00000000 00:00 0 
7fc50f4a1000-7fc50f5a3000 rw-p 00000000 00:00 0 
7fc50f5a3000-7fc50f5a4000 r--s 00000000 08:05 669950                     /mnt/ddcf74aa-1b78-49fa-aa4f-6c819ce0872a/vas/1. Soft/jdk1.8.0_121/jre/lib/management-agent.jar
7fc50f5a4000-7fc50f5a7000 r--s 0001a000 08:05 670011                     /mnt/ddcf74aa-1b78-49fa-aa4f-6c819ce0872a/vas/1. Soft/jdk1.8.0_121/jre/lib/jce.jar
7fc50f5a7000-7fc50f5bb000 rw-p 00000000 00:00 0 
7fc50f5bb000-7fc50f5c3000 rw-s 00000000 08:07 679742                     /tmp/hsperfdata_skorpion/15832
7fc50f5c3000-7fc50f5c4000 rw-p 00000000 00:00 0 
7fc50f5c4000-7fc50f5c5000 ---p 00000000 00:00 0 
7fc50f5c5000-7fc50f5c7000 rw-p 00000000 00:00 0 
7fc50f5c7000-7fc50f5c8000 r--p 00025000 08:07 654142                     /lib/x86_64-linux-gnu/ld-2.23.so
7fc50f5c8000-7fc50f5c9000 rw-p 00026000 08:07 654142                     /lib/x86_64-linux-gnu/ld-2.23.so
7fc50f5c9000-7fc50f5ca000 rw-p 00000000 00:00 0 
7ffd56e47000-7ffd56e69000 rw-p 00000000 00:00 0                          [stack]
7ffd56ffb000-7ffd56ffd000 r--p 00000000 00:00 0                          [vvar]
7ffd56ffd000-7ffd56fff000 r-xp 00000000 00:00 0                          [vdso]
ffffffffff600000-ffffffffff601000 r-xp 00000000 00:00 0                  [vsyscall]

VM Arguments:
jvm_args: -Didea.launcher.port=7541 -Didea.launcher.bin.path=/mnt/ddcf74aa-1b78-49fa-aa4f-6c819ce0872a/vas/1. Soft/1. Идея Дистрибутив/2. Idea.16.3/Idea 16.3/bin -Dfile.encoding=UTF-8 
java_command: com.intellij.rt.execution.application.AppMain com.javarush.task.task29.task2905.Solution
java_class_path (initial): /mnt/ddcf74aa-1b78-49fa-aa4f-6c819ce0872a/vas/1. Soft/jdk1.8.0_121/jre/lib/charsets.jar:/mnt/ddcf74aa-1b78-49fa-aa4f-6c819ce0872a/vas/1. Soft/jdk1.8.0_121/jre/lib/deploy.jar:/mnt/ddcf74aa-1b78-49fa-aa4f-6c819ce0872a/vas/1. Soft/jdk1.8.0_121/jre/lib/ext/cldrdata.jar:/mnt/ddcf74aa-1b78-49fa-aa4f-6c819ce0872a/vas/1. Soft/jdk1.8.0_121/jre/lib/ext/dnsns.jar:/mnt/ddcf74aa-1b78-49fa-aa4f-6c819ce0872a/vas/1. Soft/jdk1.8.0_121/jre/lib/ext/jaccess.jar:/mnt/ddcf74aa-1b78-49fa-aa4f-6c819ce0872a/vas/1. Soft/jdk1.8.0_121/jre/lib/ext/jfxrt.jar:/mnt/ddcf74aa-1b78-49fa-aa4f-6c819ce0872a/vas/1. Soft/jdk1.8.0_121/jre/lib/ext/localedata.jar:/mnt/ddcf74aa-1b78-49fa-aa4f-6c819ce0872a/vas/1. Soft/jdk1.8.0_121/jre/lib/ext/nashorn.jar:/mnt/ddcf74aa-1b78-49fa-aa4f-6c819ce0872a/vas/1. Soft/jdk1.8.0_121/jre/lib/ext/sunec.jar:/mnt/ddcf74aa-1b78-49fa-aa4f-6c819ce0872a/vas/1. Soft/jdk1.8.0_121/jre/lib/ext/sunjce_provider.jar:/mnt/ddcf74aa-1b78-49fa-aa4f-6c819ce0872a/vas/1. Soft/jdk1.8.0_121/jre/lib/ext/sunpkcs11.jar:/mnt/ddcf74aa-1b78-49fa-aa4f-6c819ce0872a/vas/1. Soft/jdk1.8.0_121/jre/lib/ext/zipfs.jar:/mnt/ddcf74aa-1b78-49fa-aa4f-6c819ce0872a/vas/1. Soft/jdk1.8.0_121/jre/lib/javaws.jar:/mnt/ddcf74aa-1b78-49fa-aa4f-6c819ce0872a/vas/1. Soft/jdk1.8.0_121/jre/lib/jce.jar:/mnt/ddcf74aa-1b78-49fa-aa4f-6c819ce0872a/vas/1. Soft/jdk1.8.0_121/jre/lib/jfr.jar:/mnt/ddcf74aa-1b78-49fa-aa4f-6c819ce0872a/vas/1. Soft/jdk1.8.0_121/jre/lib/jfxswt.jar:/mnt/ddcf74aa-1b78-49fa-aa4f-6c819ce0872a/vas/1. Soft/jdk1.8.0_121/jre/lib/jsse.jar:/mnt/ddcf74aa-1b78-49fa-aa4f-6c819ce0872a/vas/1. Soft/jdk1.8.0_121/jre/lib/management-agent.jar:/mnt/ddcf74aa-1b78-49fa-aa4f-6c819ce0872a/vas/1. Soft/jdk1.8.0_121/jre/lib/plugin.jar:/mnt/ddcf74aa-1b78-49fa-aa4f-6c819ce0872a/vas/1. Soft/jdk1.8.0_121/jre/lib/resources.jar:/mnt/ddcf74aa-1b78-49fa-aa4f-6c819ce0872a/vas/1. Soft/jdk1.8.0_121/jre/lib/rt.jar:/mnt/BEFA1108FA10BE99/4. РАБОТА/4. JavaRush/JavaRushTasks/out/production/3.JavaMultithreading:/mnt/d
Launcher Type: SUN_STANDARD

Environment Variables:
PATH=/home/skorpion/bin:/home/skorpion/.local/bin:/usr/local/sbin:/usr/local/bin:/usr/sbin:/usr/bin:/sbin:/bin:/usr/games:/usr/local/games:/snap/bin
LD_LIBRARY_PATH=/mnt/ddcf74aa-1b78-49fa-aa4f-6c819ce0872a/vas/1. Soft/1. Идея Дистрибутив/2. Idea.16.3/Idea 16.3/bin:
SHELL=/bin/bash
DISPLAY=:0

Signal Handlers:
SIGSEGV: [libjvm.so+0xac78c0], sa_mask[0]=11111111011111111101111111111110, sa_flags=SA_RESTART|SA_SIGINFO
SIGBUS: [libjvm.so+0xac78c0], sa_mask[0]=11111111011111111101111111111110, sa_flags=SA_RESTART|SA_SIGINFO
SIGFPE: [libjvm.so+0x920ac0], sa_mask[0]=11111111011111111101111111111110, sa_flags=SA_RESTART|SA_SIGINFO
SIGPIPE: [libjvm.so+0x920ac0], sa_mask[0]=11111111011111111101111111111110, sa_flags=SA_RESTART|SA_SIGINFO
SIGXFSZ: [libjvm.so+0x920ac0], sa_mask[0]=11111111011111111101111111111110, sa_flags=SA_RESTART|SA_SIGINFO
SIGILL: [libjvm.so+0x920ac0], sa_mask[0]=11111111011111111101111111111110, sa_flags=SA_RESTART|SA_SIGINFO
SIGUSR1: SIG_DFL, sa_mask[0]=00000000000000000000000000000000, sa_flags=none
SIGUSR2: [libjvm.so+0x922300], sa_mask[0]=00100000000000000000000000000000, sa_flags=SA_RESTART|SA_SIGINFO
SIGHUP: [libjvm.so+0x923700], sa_mask[0]=11111111011111111101111111111110, sa_flags=SA_RESTART|SA_SIGINFO
SIGINT: [libjvm.so+0x923700], sa_mask[0]=11111111011111111101111111111110, sa_flags=SA_RESTART|SA_SIGINFO
SIGTERM: [libjvm.so+0x923700], sa_mask[0]=11111111011111111101111111111110, sa_flags=SA_RESTART|SA_SIGINFO
SIGQUIT: [libjvm.so+0x923700], sa_mask[0]=11111111011111111101111111111110, sa_flags=SA_RESTART|SA_SIGINFO


---------------  S Y S T E M  ---------------

OS:DISTRIB_ID=Ubuntu
DISTRIB_RELEASE=16.04
DISTRIB_CODENAME=xenial
DISTRIB_DESCRIPTION="Ubuntu 16.04.2 LTS"

uname:Linux 4.4.0-71-generic #92-Ubuntu SMP Fri Mar 24 12:59:01 UTC 2017 x86_64
libc:glibc 2.23 NPTL 2.23 
rlimit: STACK 8192k, CORE 0k, NPROC 15633, NOFILE 65536, AS infinity
load average:4,26 3,84 3,64

/proc/meminfo:
MemTotal:        4043756 kB
MemFree:          108116 kB
MemAvailable:      43312 kB
Buffers:            2256 kB
Cached:           156104 kB
SwapCached:        24232 kB
Active:          2630068 kB
Inactive:         787824 kB
Active(anon):    2598456 kB
Inactive(anon):   758460 kB
Active(file):      31612 kB
Inactive(file):    29364 kB
Unevictable:          64 kB
Mlocked:              64 kB
SwapTotal:       2098172 kB
SwapFree:            172 kB
Dirty:               228 kB
Writeback:             0 kB
AnonPages:       3237968 kB
Mapped:           103424 kB
Shmem:             97132 kB
Slab:             111940 kB
SReclaimable:      46124 kB
SUnreclaim:        65816 kB
KernelStack:       11584 kB
PageTables:        57368 kB
NFS_Unstable:          0 kB
Bounce:                0 kB
WritebackTmp:          0 kB
CommitLimit:     4120048 kB
Committed_AS:   10833728 kB
VmallocTotal:   34359738367 kB
VmallocUsed:           0 kB
VmallocChunk:          0 kB
HardwareCorrupted:     0 kB
AnonHugePages:   1634304 kB
CmaTotal:              0 kB
CmaFree:               0 kB
HugePages_Total:       0
HugePages_Free:        0
HugePages_Rsvd:        0
HugePages_Surp:        0
Hugepagesize:       2048 kB
DirectMap4k:      871936 kB
DirectMap2M:     3321856 kB


CPU:total 2 (2 cores per cpu, 1 threads per core) family 6 model 23 stepping 10, cmov, cx8, fxsr, mmx, sse, sse2, sse3, ssse3, tsc

/proc/cpuinfo:
processor	: 0
vendor_id	: GenuineIntel
cpu family	: 6
model		: 23
model name	: Pentium(R) Dual-Core  CPU      E6700  @ 3.20GHz
stepping	: 10
microcode	: 0xa0b
cpu MHz		: 3191.748
cache size	: 2048 KB
physical id	: 0
siblings	: 2
core id		: 0
cpu cores	: 2
apicid		: 0
initial apicid	: 0
fpu		: yes
fpu_exception	: yes
cpuid level	: 13
wp		: yes
flags		: fpu vme de pse tsc msr pae mce cx8 apic sep mtrr pge mca cmov pat pse36 clflush dts acpi mmx fxsr sse sse2 ss ht tm pbe syscall nx lm constant_tsc arch_perfmon pebs bts rep_good nopl aperfmperf pni dtes64 monitor ds_cpl vmx est tm2 ssse3 cx16 xtpr pdcm xsave lahf_lm tpr_shadow vnmi flexpriority dtherm
bugs		:
bogomips	: 6383.49
clflush size	: 64
cache_alignment	: 64
address sizes	: 36 bits physical, 48 bits virtual
power management:

processor	: 1
vendor_id	: GenuineIntel
cpu family	: 6
model		: 23
model name	: Pentium(R) Dual-Core  CPU      E6700  @ 3.20GHz
stepping	: 10
microcode	: 0xa0b
cpu MHz		: 3191.748
cache size	: 2048 KB
physical id	: 0
siblings	: 2
core id		: 1
cpu cores	: 2
apicid		: 1
initial apicid	: 1
fpu		: yes
fpu_exception	: yes
cpuid level	: 13
wp		: yes
flags		: fpu vme de pse tsc msr pae mce cx8 apic sep mtrr pge mca cmov pat pse36 clflush dts acpi mmx fxsr sse sse2 ss ht tm pbe syscall nx lm constant_tsc arch_perfmon pebs bts rep_good nopl aperfmperf pni dtes64 monitor ds_cpl vmx est tm2 ssse3 cx16 xtpr pdcm xsave lahf_lm tpr_shadow vnmi flexpriority dtherm
bugs		:
bogomips	: 6383.49
clflush size	: 64
cache_alignment	: 64
address sizes	: 36 bits physical, 48 bits virtual
power management:



Memory: 4k page, physical 4043756k(108116k free), swap 2098172k(172k free)

vm_info: Java HotSpot(TM) 64-Bit Server VM (25.121-b13) for linux-amd64 JRE (1.8.0_121-b13), built on Dec 12 2016 16:36:53 by "java_re" with gcc 4.3.0 20080428 (Red Hat 4.3.0-8)

time: Wed Apr  5 19:20:49 2017
elapsed time: 79 seconds (0d 0h 1m 19s)

