#
# There is insufficient memory for the Java Runtime Environment to continue.
# Native memory allocation (mmap) failed to map 98041856 bytes for committing reserved memory.
# Possible reasons:
#   The system is out of physical RAM or swap space
#   In 32 bit mode, the process size limit was hit
# Possible solutions:
#   Reduce memory load on the system
#   Increase physical memory or swap space
#   Check if swap backing store is full
#   Use 64 bit Java on a 64 bit OS
#   Decrease Java heap size (-Xmx/-Xms)
#   Decrease number of Java threads
#   Decrease Java thread stack sizes (-Xss)
#   Set larger code cache with -XX:ReservedCodeCacheSize=
# This output file may be truncated or incomplete.
#
#  Out of Memory Error (os_linux.cpp:2627), pid=15378, tid=0x00007fb2148b7700
#
# JRE version: Java(TM) SE Runtime Environment (8.0_121-b13) (build 1.8.0_121-b13)
# Java VM: Java HotSpot(TM) 64-Bit Server VM (25.121-b13 mixed mode linux-amd64 compressed oops)
# Failed to write core dump. Core dumps have been disabled. To enable core dumping, try "ulimit -c unlimited" before starting Java again
#

---------------  T H R E A D  ---------------

Current thread (0x00007fb228075000):  VMThread [stack: 0x00007fb2147b7000,0x00007fb2148b8000] [id=15382]

Stack: [0x00007fb2147b7000,0x00007fb2148b8000],  sp=0x00007fb2148b63a0,  free space=1020k
Native frames: (J=compiled Java code, j=interpreted, Vv=VM code, C=native code)
V  [libjvm.so+0xac703a]  VMError::report_and_die()+0x2ba
V  [libjvm.so+0x4fc7eb]  report_vm_out_of_memory(char const*, int, unsigned long, VMErrorType, char const*)+0x8b
V  [libjvm.so+0x923c43]  os::Linux::commit_memory_impl(char*, unsigned long, bool)+0x103
V  [libjvm.so+0x924199]  os::pd_commit_memory(char*, unsigned long, unsigned long, bool)+0x29
V  [libjvm.so+0x91e4aa]  os::commit_memory(char*, unsigned long, unsigned long, bool)+0x2a
V  [libjvm.so+0x992f03]  PSVirtualSpace::expand_by(unsigned long)+0x53
V  [libjvm.so+0x9837c0]  PSOldGen::expand(unsigned long)+0x170
V  [libjvm.so+0x9839cb]  PSOldGen::resize(unsigned long)+0x1cb
V  [libjvm.so+0x98b6d1]  PSParallelCompact::invoke_no_policy(bool)+0x991
V  [libjvm.so+0x99102d]  PSScavenge::invoke()+0x1ad
V  [libjvm.so+0x947c10]  ParallelScavengeHeap::failed_mem_allocate(unsigned long)+0x70
V  [libjvm.so+0xac8a57]  VM_ParallelGCFailedAllocation::doit()+0x97
V  [libjvm.so+0xad0535]  VM_Operation::evaluate()+0x55
V  [libjvm.so+0xace90a]  VMThread::evaluate_operation(VM_Operation*)+0xba
V  [libjvm.so+0xacec8e]  VMThread::loop()+0x1ce
V  [libjvm.so+0xacf100]  VMThread::run()+0x70
V  [libjvm.so+0x926268]  java_start(Thread*)+0x108

VM_Operation (0x00007fb1ff2b9800): ParallelGCFailedAllocation, mode: safepoint, requested by thread 0x00007fb22814a800


---------------  P R O C E S S  ---------------

Java Threads: ( => current thread )
  0x00007fb1f8001000 JavaThread "SIGINT handler" daemon [_thread_blocked, id=15436, stack(0x00007fb1fed9a000,0x00007fb1fee9b000)]
  0x00007fb22800b000 JavaThread "DestroyJavaVM" [_thread_blocked, id=15379, stack(0x00007fb22e4df000,0x00007fb22e5e0000)]
  0x00007fb22814f800 JavaThread "Thread-4" daemon [_thread_blocked, id=15406, stack(0x00007fb1feeb7000,0x00007fb1fefb8000)]
  0x00007fb22814d800 JavaThread "Thread-3" daemon [_thread_blocked, id=15405, stack(0x00007fb1fefb8000,0x00007fb1ff0b9000)]
  0x00007fb22814c800 JavaThread "Thread-2" daemon [_thread_blocked, id=15404, stack(0x00007fb1ff0b9000,0x00007fb1ff1ba000)]
  0x00007fb22814a800 JavaThread "Thread-1" [_thread_blocked, id=15403, stack(0x00007fb1ff1ba000,0x00007fb1ff2bb000)]
  0x00007fb228137000 JavaThread "Monitor Ctrl-Break" daemon [_thread_in_native, id=15397, stack(0x00007fb1ff7d3000,0x00007fb1ff8d4000)]
  0x00007fb2280d5800 JavaThread "Service Thread" daemon [_thread_blocked, id=15393, stack(0x00007fb1ffbfc000,0x00007fb1ffcfd000)]
  0x00007fb2280b8800 JavaThread "C1 CompilerThread1" daemon [_thread_blocked, id=15392, stack(0x00007fb1ffcfd000,0x00007fb1ffdfe000)]
  0x00007fb2280b5800 JavaThread "C2 CompilerThread0" daemon [_thread_blocked, id=15391, stack(0x00007fb1ffdfe000,0x00007fb1ffeff000)]
  0x00007fb2280b4000 JavaThread "Signal Dispatcher" daemon [_thread_blocked, id=15390, stack(0x00007fb1ffeff000,0x00007fb200000000)]
  0x00007fb228081000 JavaThread "Finalizer" daemon [_thread_blocked, id=15388, stack(0x00007fb2145b5000,0x00007fb2146b6000)]
  0x00007fb22807c800 JavaThread "Reference Handler" daemon [_thread_blocked, id=15385, stack(0x00007fb2146b6000,0x00007fb2147b7000)]

Other Threads:
=>0x00007fb228075000 VMThread [stack: 0x00007fb2147b7000,0x00007fb2148b8000] [id=15382]
  0x00007fb2280d8000 WatcherThread [stack: 0x00007fb1ffafb000,0x00007fb1ffbfc000] [id=15394]

VM state:at safepoint (normal execution)

VM Mutex/Monitor currently owned by a thread:  ([mutex/lock_event])
[0x00007fb2280070e0] ExpandHeap_lock - owner thread: 0x00007fb228075000
[0x00007fb228007760] Threads_lock - owner thread: 0x00007fb228075000
[0x00007fb228007c60] Heap_lock - owner thread: 0x00007fb22814a800

Heap:
 PSYoungGen      total 217088K, used 21071K [0x00000000eb700000, 0x0000000100000000, 0x0000000100000000)
  eden space 104960K, 0% used [0x00000000eb700000,0x00000000eb700000,0x00000000f1d80000)
  from space 112128K, 18% used [0x00000000f1d80000,0x00000000f3213df0,0x00000000f8b00000)
  to   space 112128K, 0% used [0x00000000f9280000,0x00000000f9280000,0x0000000100000000)
 ParOldGen       total 579072K, used 579050K [0x00000000c2400000, 0x00000000e5980000, 0x00000000eb700000)
  object space 579072K, 99% used [0x00000000c2400000,0x00000000e597abb0,0x00000000e5980000)
 Metaspace       used 4606K, capacity 4688K, committed 4864K, reserved 1056768K
  class space    used 481K, capacity 496K, committed 512K, reserved 1048576K

Card table byte_map: [0x00007fb217ff6000,0x00007fb2181e5000] byte_map_base: 0x00007fb2179e4000

Marking Bits: (ParMarkBitMap*) 0x00007fb22d9b5c80
 Begin Bits: [0x00007fb215dca000, 0x00007fb216d3a000)
 End Bits:   [0x00007fb216d3a000, 0x00007fb217caa000)

Polling page: 0x00007fb22e605000

CodeCache: size=245760Kb used=2444Kb max_used=2455Kb free=243315Kb
 bounds [0x00007fb2185a5000, 0x00007fb218815000, 0x00007fb2275a5000]
 total_blobs=840 nmethods=583 adapters=173
 compilation: enabled

Compilation events (10 events):
Event: 24,982 Thread 0x00007fb2280b8800  611       2       java.lang.String::toUpperCase (8 bytes)
Event: 24,982 Thread 0x00007fb2280b8800 nmethod 611 0x00007fb2187e9690 code [0x00007fb2187e9800, 0x00007fb2187e9988]
Event: 76,903 Thread 0x00007fb2280b5800 nmethod 596 0x00007fb21880a490 code [0x00007fb21880a6c0, 0x00007fb21880b7b8]
Event: 76,903 Thread 0x00007fb2280b5800  285       4       java.util.regex.Pattern$Node::match (27 bytes)
Event: 76,976 Thread 0x00007fb2280b8800  613 %     3       java.util.logging.Logger::log @ 70 (147 bytes)
Event: 76,977 Thread 0x00007fb2280b8800 nmethod 613% 0x00007fb2187faf50 code [0x00007fb2187fb160, 0x00007fb2187fbeb8]
Event: 76,978 Thread 0x00007fb2280b8800  614       3       java.util.logging.Logger::log (147 bytes)
Event: 117,676 Thread 0x00007fb2280b8800 nmethod 614 0x00007fb2187f9d10 code [0x00007fb2187f9f00, 0x00007fb2187fab38]
Event: 127,907 Thread 0x00007fb2280b5800 nmethod 285 0x00007fb2187ee450 code [0x00007fb2187ee5a0, 0x00007fb2187ee658]
Event: 127,907 Thread 0x00007fb2280b5800  615   !   4       java.util.Formatter::format (271 bytes)

GC Heap History (10 events):
Event: 76,900 GC heap after
Heap after GC invocations=16 (full 4):
 PSYoungGen      total 185856K, used 106368K [0x00000000eb700000, 0x00000000fdd00000, 0x0000000100000000)
  eden space 73728K, 0% used [0x00000000eb700000,0x00000000eb700000,0x00000000eff00000)
  from space 112128K, 94% used [0x00000000f6c80000,0x00000000fd460000,0x00000000fda00000)
  to   space 112128K, 0% used [0x00000000eff00000,0x00000000eff00000,0x00000000f6c80000)
 ParOldGen       total 356864K, used 307605K [0x00000000c2400000, 0x00000000d8080000, 0x00000000eb700000)
  object space 356864K, 86% used [0x00000000c2400000,0x00000000d5065498,0x00000000d8080000)
 Metaspace       used 4605K, capacity 4684K, committed 4864K, reserved 1056768K
  class space    used 481K, capacity 496K, committed 512K, reserved 1048576K
}
Event: 77,050 GC heap before
{Heap before GC invocations=17 (full 4):
 PSYoungGen      total 185856K, used 180096K [0x00000000eb700000, 0x00000000fdd00000, 0x0000000100000000)
  eden space 73728K, 100% used [0x00000000eb700000,0x00000000eff00000,0x00000000eff00000)
  from space 112128K, 94% used [0x00000000f6c80000,0x00000000fd460000,0x00000000fda00000)
  to   space 112128K, 0% used [0x00000000eff00000,0x00000000eff00000,0x00000000f6c80000)
 ParOldGen       total 356864K, used 307605K [0x00000000c2400000, 0x00000000d8080000, 0x00000000eb700000)
  object space 356864K, 86% used [0x00000000c2400000,0x00000000d5065498,0x00000000d8080000)
 Metaspace       used 4605K, capacity 4688K, committed 4864K, reserved 1056768K
  class space    used 481K, capacity 496K, committed 512K, reserved 1048576K
Event: 105,470 GC heap after
Heap after GC invocations=17 (full 4):
 PSYoungGen      total 185856K, used 54240K [0x00000000eb700000, 0x00000000ffc80000, 0x0000000100000000)
  eden space 73728K, 0% used [0x00000000eb700000,0x00000000eb700000,0x00000000eff00000)
  from space 112128K, 48% used [0x00000000eff00000,0x00000000f33f8000,0x00000000f6c80000)
  to   space 112128K, 0% used [0x00000000f8f00000,0x00000000f8f00000,0x00000000ffc80000)
 ParOldGen       total 415232K, used 414269K [0x00000000c2400000, 0x00000000db980000, 0x00000000eb700000)
  object space 415232K, 99% used [0x00000000c2400000,0x00000000db88f498,0x00000000db980000)
 Metaspace       used 4605K, capacity 4688K, committed 4864K, reserved 1056768K
  class space    used 481K, capacity 496K, committed 512K, reserved 1048576K
}
Event: 105,501 GC heap before
{Heap before GC invocations=18 (full 5):
 PSYoungGen      total 185856K, used 54240K [0x00000000eb700000, 0x00000000ffc80000, 0x0000000100000000)
  eden space 73728K, 0% used [0x00000000eb700000,0x00000000eb700000,0x00000000eff00000)
  from space 112128K, 48% used [0x00000000eff00000,0x00000000f33f8000,0x00000000f6c80000)
  to   space 112128K, 0% used [0x00000000f8f00000,0x00000000f8f00000,0x00000000ffc80000)
 ParOldGen       total 415232K, used 414269K [0x00000000c2400000, 0x00000000db980000, 0x00000000eb700000)
  object space 415232K, 99% used [0x00000000c2400000,0x00000000db88f498,0x00000000db980000)
 Metaspace       used 4605K, capacity 4688K, committed 4864K, reserved 1056768K
  class space    used 481K, capacity 496K, committed 512K, reserved 1048576K
Event: 117,668 GC heap after
Heap after GC invocations=18 (full 5):
 PSYoungGen      total 185856K, used 52623K [0x00000000eb700000, 0x00000000ffc80000, 0x0000000100000000)
  eden space 73728K, 0% used [0x00000000eb700000,0x00000000eb700000,0x00000000eff00000)
  from space 112128K, 46% used [0x00000000eff00000,0x00000000f3263dc8,0x00000000f6c80000)
  to   space 112128K, 0% used [0x00000000f8f00000,0x00000000f8f00000,0x00000000ffc80000)
 ParOldGen       total 579072K, used 415104K [0x00000000c2400000, 0x00000000e5980000, 0x00000000eb700000)
  object space 579072K, 71% used [0x00000000c2400000,0x00000000db9600e8,0x00000000e5980000)
 Metaspace       used 4605K, capacity 4688K, committed 4864K, reserved 1056768K
  class space    used 481K, capacity 496K, committed 512K, reserved 1048576K
}
Event: 117,931 GC heap before
{Heap before GC invocations=19 (full 5):
 PSYoungGen      total 185856K, used 126351K [0x00000000eb700000, 0x00000000ffc80000, 0x0000000100000000)
  eden space 73728K, 100% used [0x00000000eb700000,0x00000000eff00000,0x00000000eff00000)
  from space 112128K, 46% used [0x00000000eff00000,0x00000000f3263dc8,0x00000000f6c80000)
  to   space 112128K, 0% used [0x00000000f8f00000,0x00000000f8f00000,0x00000000ffc80000)
 ParOldGen       total 579072K, used 415104K [0x00000000c2400000, 0x00000000e5980000, 0x00000000eb700000)
  object space 579072K, 71% used [0x00000000c2400000,0x00000000db9600e8,0x00000000e5980000)
 Metaspace       used 4606K, capacity 4688K, committed 4864K, reserved 1056768K
  class space    used 481K, capacity 496K, committed 512K, reserved 1048576K
Event: 127,907 GC heap after
Heap after GC invocations=19 (full 5):
 PSYoungGen      total 212992K, used 43392K [0x00000000eb700000, 0x00000000ff880000, 0x0000000100000000)
  eden space 104960K, 0% used [0x00000000eb700000,0x00000000eb700000,0x00000000f1d80000)
  from space 108032K, 40% used [0x00000000f8f00000,0x00000000fb960000,0x00000000ff880000)
  to   space 112128K, 0% used [0x00000000f1d80000,0x00000000f1d80000,0x00000000f8b00000)
 ParOldGen       total 579072K, used 467944K [0x00000000c2400000, 0x00000000e5980000, 0x00000000eb700000)
  object space 579072K, 80% used [0x00000000c2400000,0x00000000decfa0e8,0x00000000e5980000)
 Metaspace       used 4606K, capacity 4688K, committed 4864K, reserved 1056768K
  class space    used 481K, capacity 496K, committed 512K, reserved 1048576K
}
Event: 128,160 GC heap before
{Heap before GC invocations=20 (full 5):
 PSYoungGen      total 212992K, used 148352K [0x00000000eb700000, 0x00000000ff880000, 0x0000000100000000)
  eden space 104960K, 100% used [0x00000000eb700000,0x00000000f1d80000,0x00000000f1d80000)
  from space 108032K, 40% used [0x00000000f8f00000,0x00000000fb960000,0x00000000ff880000)
  to   space 112128K, 0% used [0x00000000f1d80000,0x00000000f1d80000,0x00000000f8b00000)
 ParOldGen       total 579072K, used 467944K [0x00000000c2400000, 0x00000000e5980000, 0x00000000eb700000)
  object space 579072K, 80% used [0x00000000c2400000,0x00000000decfa0e8,0x00000000e5980000)
 Metaspace       used 4606K, capacity 4688K, committed 4864K, reserved 1056768K
  class space    used 481K, capacity 496K, committed 512K, reserved 1048576K
Event: 148,144 GC heap after
Heap after GC invocations=20 (full 5):
 PSYoungGen      total 217088K, used 89216K [0x00000000eb700000, 0x0000000100000000, 0x0000000100000000)
  eden space 104960K, 0% used [0x00000000eb700000,0x00000000eb700000,0x00000000f1d80000)
  from space 112128K, 79% used [0x00000000f1d80000,0x00000000f74a0000,0x00000000f8b00000)
  to   space 112128K, 0% used [0x00000000f9280000,0x00000000f9280000,0x0000000100000000)
 ParOldGen       total 579072K, used 511424K [0x00000000c2400000, 0x00000000e5980000, 0x00000000eb700000)
  object space 579072K, 88% used [0x00000000c2400000,0x00000000e17700e8,0x00000000e5980000)
 Metaspace       used 4606K, capacity 4688K, committed 4864K, reserved 1056768K
  class space    used 481K, capacity 496K, committed 512K, reserved 1048576K
}
Event: 148,145 GC heap before
{Heap before GC invocations=21 (full 6):
 PSYoungGen      total 217088K, used 89216K [0x00000000eb700000, 0x0000000100000000, 0x0000000100000000)
  eden space 104960K, 0% used [0x00000000eb700000,0x00000000eb700000,0x00000000f1d80000)
  from space 112128K, 79% used [0x00000000f1d80000,0x00000000f74a0000,0x00000000f8b00000)
  to   space 112128K, 0% used [0x00000000f9280000,0x00000000f9280000,0x0000000100000000)
 ParOldGen       total 579072K, used 511424K [0x00000000c2400000, 0x00000000e5980000, 0x00000000eb700000)
  object space 579072K, 88% used [0x00000000c2400000,0x00000000e17700e8,0x00000000e5980000)
 Metaspace       used 4606K, capacity 4688K, committed 4864K, reserved 1056768K
  class space    used 481K, capacity 496K, committed 512K, reserved 1048576K

Deoptimization events (2 events):
Event: 0,592 Thread 0x00007fb22814f800 Uncommon trap: reason=unstable_if action=reinterpret pc=0x00007fb2186d3a80 method=java.lang.Integer.getChars(II[C)V @ 110
Event: 0,737 Thread 0x00007fb22800b000 Uncommon trap: reason=unstable_if action=reinterpret pc=0x00007fb2186dfb20 method=java.lang.Integer.getChars(II[C)V @ 20

Internal exceptions (6 events):
Event: 0,113 Thread 0x00007fb22800b000 Exception <a 'java/lang/NoSuchMethodError': Method sun.misc.Unsafe.defineClass(Ljava/lang/String;[BII)Ljava/lang/Class; name or signature does not match> (0x00000000eb707ca8) thrown at [/HUDSON3/workspace/8-2-build-linux-amd64/jdk8u121/8372/hotspot/src/sh
Event: 0,113 Thread 0x00007fb22800b000 Exception <a 'java/lang/NoSuchMethodError': Method sun.misc.Unsafe.prefetchRead(Ljava/lang/Object;J)V name or signature does not match> (0x00000000eb707f90) thrown at [/HUDSON3/workspace/8-2-build-linux-amd64/jdk8u121/8372/hotspot/src/share/vm/prims/jni.c
Event: 0,624 Thread 0x00007fb22814f800 Exception <a 'java/security/PrivilegedActionException'> (0x00000000eb991ab8) thrown at [/HUDSON3/workspace/8-2-build-linux-amd64/jdk8u121/8372/hotspot/src/share/vm/prims/jvm.cpp, line 1390]
Event: 0,624 Thread 0x00007fb22814f800 Exception <a 'java/security/PrivilegedActionException'> (0x00000000eb991cc8) thrown at [/HUDSON3/workspace/8-2-build-linux-amd64/jdk8u121/8372/hotspot/src/share/vm/prims/jvm.cpp, line 1390]
Event: 0,625 Thread 0x00007fb22814f800 Exception <a 'java/security/PrivilegedActionException'> (0x00000000eb996670) thrown at [/HUDSON3/workspace/8-2-build-linux-amd64/jdk8u121/8372/hotspot/src/share/vm/prims/jvm.cpp, line 1390]
Event: 0,625 Thread 0x00007fb22814f800 Exception <a 'java/security/PrivilegedActionException'> (0x00000000eb996880) thrown at [/HUDSON3/workspace/8-2-build-linux-amd64/jdk8u121/8372/hotspot/src/share/vm/prims/jvm.cpp, line 1390]

Events (10 events):
Event: 76,952 Thread 0x00007fb1f8001000 Thread added: 0x00007fb1f8001000
Event: 76,952 loading class java/util/IdentityHashMap$KeyIterator
Event: 76,978 Thread 0x00007fb22814c800 DEOPT PACKING pc=0x00007fb2187ac973 sp=0x00007fb1ff1b8580
Event: 76,978 Thread 0x00007fb22814c800 DEOPT UNPACKING pc=0x00007fb2185ebf73 sp=0x00007fb1ff1b82c8 mode 0
Event: 77,046 Executing VM operation: ParallelGCFailedAllocation
Event: 117,668 Executing VM operation: ParallelGCFailedAllocation done
Event: 117,845 Executing VM operation: ParallelGCFailedAllocation
Event: 117,931 loading class java/util/IdentityHashMap$IdentityHashMapIterator
Event: 127,907 Executing VM operation: ParallelGCFailedAllocation done
Event: 128,108 Executing VM operation: ParallelGCFailedAllocation


Dynamic libraries:
00400000-00401000 r-xp 00000000 08:05 669797                             /mnt/ddcf74aa-1b78-49fa-aa4f-6c819ce0872a/vas/1. Soft/jdk1.8.0_121/bin/java
00600000-00601000 rw-p 00000000 08:05 669797                             /mnt/ddcf74aa-1b78-49fa-aa4f-6c819ce0872a/vas/1. Soft/jdk1.8.0_121/bin/java
02143000-0245a000 rw-p 00000000 00:00 0                                  [heap]
c2400000-e5980000 rw-p 00000000 00:00 0 
eb700000-100000000 rw-p 00000000 00:00 0 
100000000-100080000 rw-p 00000000 00:00 0 
100080000-140000000 ---p 00000000 00:00 0 
7fb1d8000000-7fb1d8021000 rw-p 00000000 00:00 0 
7fb1d8021000-7fb1dc000000 ---p 00000000 00:00 0 
7fb1dc000000-7fb1dc021000 rw-p 00000000 00:00 0 
7fb1dc021000-7fb1e0000000 ---p 00000000 00:00 0 
7fb1e0000000-7fb1e0021000 rw-p 00000000 00:00 0 
7fb1e0021000-7fb1e4000000 ---p 00000000 00:00 0 
7fb1e4000000-7fb1e4021000 rw-p 00000000 00:00 0 
7fb1e4021000-7fb1e8000000 ---p 00000000 00:00 0 
7fb1e8000000-7fb1e8021000 rw-p 00000000 00:00 0 
7fb1e8021000-7fb1ec000000 ---p 00000000 00:00 0 
7fb1ec000000-7fb1ec021000 rw-p 00000000 00:00 0 
7fb1ec021000-7fb1f0000000 ---p 00000000 00:00 0 
7fb1f0000000-7fb1f062e000 rw-p 00000000 00:00 0 
7fb1f062e000-7fb1f4000000 ---p 00000000 00:00 0 
7fb1f4000000-7fb1f427f000 rw-p 00000000 00:00 0 
7fb1f427f000-7fb1f8000000 ---p 00000000 00:00 0 
7fb1f8000000-7fb1f8021000 rw-p 00000000 00:00 0 
7fb1f8021000-7fb1fc000000 ---p 00000000 00:00 0 
7fb1fed64000-7fb1fed6b000 r--s 00000000 08:07 1194665                    /usr/lib/x86_64-linux-gnu/gconv/gconv-modules.cache
7fb1fed6b000-7fb1fed9a000 r--p 00000000 08:07 1197146                    /usr/share/locale-langpack/ru/LC_MESSAGES/libc.mo
7fb1fed9a000-7fb1fed9d000 ---p 00000000 00:00 0 
7fb1fed9d000-7fb1fee9b000 rw-p 00000000 00:00 0 
7fb1fee9b000-7fb1feeb7000 r--s 00393000 08:05 669962                     /mnt/ddcf74aa-1b78-49fa-aa4f-6c819ce0872a/vas/1. Soft/jdk1.8.0_121/jre/lib/ext/cldrdata.jar
7fb1feeb7000-7fb1feeba000 ---p 00000000 00:00 0 
7fb1feeba000-7fb1fefb8000 rw-p 00000000 00:00 0 
7fb1fefb8000-7fb1fefbb000 ---p 00000000 00:00 0 
7fb1fefbb000-7fb1ff0b9000 rw-p 00000000 00:00 0 
7fb1ff0b9000-7fb1ff0bc000 ---p 00000000 00:00 0 
7fb1ff0bc000-7fb1ff1ba000 rw-p 00000000 00:00 0 
7fb1ff1ba000-7fb1ff1bd000 ---p 00000000 00:00 0 
7fb1ff1bd000-7fb1ff5bc000 rw-p 00000000 00:00 0 
7fb1ff5bc000-7fb1ff5d2000 r-xp 00000000 08:05 669879                     /mnt/ddcf74aa-1b78-49fa-aa4f-6c819ce0872a/vas/1. Soft/jdk1.8.0_121/jre/lib/amd64/libnet.so
7fb1ff5d2000-7fb1ff7d2000 ---p 00016000 08:05 669879                     /mnt/ddcf74aa-1b78-49fa-aa4f-6c819ce0872a/vas/1. Soft/jdk1.8.0_121/jre/lib/amd64/libnet.so
7fb1ff7d2000-7fb1ff7d3000 rw-p 00016000 08:05 669879                     /mnt/ddcf74aa-1b78-49fa-aa4f-6c819ce0872a/vas/1. Soft/jdk1.8.0_121/jre/lib/amd64/libnet.so
7fb1ff7d3000-7fb1ff7d6000 ---p 00000000 00:00 0 
7fb1ff7d6000-7fb1ff8d4000 rw-p 00000000 00:00 0 
7fb1ff8d4000-7fb1ff8d5000 r-xp 00000000 08:05 525924                     /mnt/ddcf74aa-1b78-49fa-aa4f-6c819ce0872a/vas/1. Soft/1. Идея Дистрибутив/2. Idea.16.3/Idea 16.3/bin/libbreakgen64.so
7fb1ff8d5000-7fb1ffad4000 ---p 00001000 08:05 525924                     /mnt/ddcf74aa-1b78-49fa-aa4f-6c819ce0872a/vas/1. Soft/1. Идея Дистрибутив/2. Idea.16.3/Idea 16.3/bin/libbreakgen64.so
7fb1ffad4000-7fb1ffad5000 r--p 00000000 08:05 525924                     /mnt/ddcf74aa-1b78-49fa-aa4f-6c819ce0872a/vas/1. Soft/1. Идея Дистрибутив/2. Idea.16.3/Idea 16.3/bin/libbreakgen64.so
7fb1ffad5000-7fb1ffad6000 rw-p 00001000 08:05 525924                     /mnt/ddcf74aa-1b78-49fa-aa4f-6c819ce0872a/vas/1. Soft/1. Идея Дистрибутив/2. Idea.16.3/Idea 16.3/bin/libbreakgen64.so
7fb1ffad6000-7fb1ffae9000 r--s 00345000 08:05 670007                     /mnt/ddcf74aa-1b78-49fa-aa4f-6c819ce0872a/vas/1. Soft/jdk1.8.0_121/jre/lib/resources.jar
7fb1ffae9000-7fb1ffafb000 r--s 000d6000 08:05 670006                     /mnt/ddcf74aa-1b78-49fa-aa4f-6c819ce0872a/vas/1. Soft/jdk1.8.0_121/jre/lib/plugin.jar
7fb1ffafb000-7fb1ffafc000 ---p 00000000 00:00 0 
7fb1ffafc000-7fb1ffbfc000 rw-p 00000000 00:00 0 
7fb1ffbfc000-7fb1ffbff000 ---p 00000000 00:00 0 
7fb1ffbff000-7fb1ffcfd000 rw-p 00000000 00:00 0 
7fb1ffcfd000-7fb1ffd00000 ---p 00000000 00:00 0 
7fb1ffd00000-7fb1ffdfe000 rw-p 00000000 00:00 0 
7fb1ffdfe000-7fb1ffe01000 ---p 00000000 00:00 0 
7fb1ffe01000-7fb1ffeff000 rw-p 00000000 00:00 0 
7fb1ffeff000-7fb1fff02000 ---p 00000000 00:00 0 
7fb1fff02000-7fb200000000 rw-p 00000000 00:00 0 
7fb200000000-7fb200021000 rw-p 00000000 00:00 0 
7fb200021000-7fb204000000 ---p 00000000 00:00 0 
7fb204000000-7fb204021000 rw-p 00000000 00:00 0 
7fb204021000-7fb208000000 ---p 00000000 00:00 0 
7fb208000000-7fb208021000 rw-p 00000000 00:00 0 
7fb208021000-7fb20c000000 ---p 00000000 00:00 0 
7fb20c000000-7fb20c292000 rw-p 00000000 00:00 0 
7fb20c292000-7fb210000000 ---p 00000000 00:00 0 
7fb210000000-7fb210021000 rw-p 00000000 00:00 0 
7fb210021000-7fb214000000 ---p 00000000 00:00 0 
7fb214006000-7fb214010000 r--s 00116000 08:05 669959                     /mnt/ddcf74aa-1b78-49fa-aa4f-6c819ce0872a/vas/1. Soft/jdk1.8.0_121/jre/lib/ext/localedata.jar
7fb214010000-7fb214014000 r--s 0009a000 08:05 669823                     /mnt/ddcf74aa-1b78-49fa-aa4f-6c819ce0872a/vas/1. Soft/jdk1.8.0_121/jre/lib/jsse.jar
7fb214014000-7fb214019000 r--s 00084000 08:05 669978                     /mnt/ddcf74aa-1b78-49fa-aa4f-6c819ce0872a/vas/1. Soft/jdk1.8.0_121/jre/lib/jfr.jar
7fb214019000-7fb214034000 r--s 00209000 08:05 669987                     /mnt/ddcf74aa-1b78-49fa-aa4f-6c819ce0872a/vas/1. Soft/jdk1.8.0_121/jre/lib/deploy.jar
7fb214034000-7fb2145b5000 r--p 00000000 08:07 915812                     /usr/lib/locale/locale-archive
7fb2145b5000-7fb2145b8000 ---p 00000000 00:00 0 
7fb2145b8000-7fb2146b6000 rw-p 00000000 00:00 0 
7fb2146b6000-7fb2146b9000 ---p 00000000 00:00 0 
7fb2146b9000-7fb2147b7000 rw-p 00000000 00:00 0 
7fb2147b7000-7fb2147b8000 ---p 00000000 00:00 0 
7fb2147b8000-7fb215203000 rw-p 00000000 00:00 0 
7fb215203000-7fb2153dc000 r--s 03d3e000 08:05 669871                     /mnt/ddcf74aa-1b78-49fa-aa4f-6c819ce0872a/vas/1. Soft/jdk1.8.0_121/jre/lib/rt.jar
7fb2153dc000-7fb21581c000 rw-p 00000000 00:00 0 
7fb21581c000-7fb215bdc000 ---p 00000000 00:00 0 
7fb215bdc000-7fb217caa000 rw-p 00000000 00:00 0 
7fb217caa000-7fb217cab000 ---p 00000000 00:00 0 
7fb217cab000-7fb217dab000 rw-p 00000000 00:00 0 
7fb217dab000-7fb217dac000 ---p 00000000 00:00 0 
7fb217dac000-7fb217fc7000 rw-p 00000000 00:00 0 
7fb217fc7000-7fb217ff6000 ---p 00000000 00:00 0 
7fb217ff6000-7fb218111000 rw-p 00000000 00:00 0 
7fb218111000-7fb21813f000 ---p 00000000 00:00 0 
7fb21813f000-7fb2181e4000 rw-p 00000000 00:00 0 
7fb2181e4000-7fb2181ef000 rw-p 00000000 00:00 0 
7fb2181ef000-7fb2185a5000 ---p 00000000 00:00 0 
7fb2185a5000-7fb218815000 rwxp 00000000 00:00 0 
7fb218815000-7fb2275a5000 ---p 00000000 00:00 0 
7fb2275a5000-7fb2275bf000 r-xp 00000000 08:05 669902                     /mnt/ddcf74aa-1b78-49fa-aa4f-6c819ce0872a/vas/1. Soft/jdk1.8.0_121/jre/lib/amd64/libzip.so
7fb2275bf000-7fb2277bf000 ---p 0001a000 08:05 669902                     /mnt/ddcf74aa-1b78-49fa-aa4f-6c819ce0872a/vas/1. Soft/jdk1.8.0_121/jre/lib/amd64/libzip.so
7fb2277bf000-7fb2277c0000 rw-p 0001a000 08:05 669902                     /mnt/ddcf74aa-1b78-49fa-aa4f-6c819ce0872a/vas/1. Soft/jdk1.8.0_121/jre/lib/amd64/libzip.so
7fb2277c0000-7fb2277cb000 r-xp 00000000 08:07 654148                     /lib/x86_64-linux-gnu/libnss_files-2.23.so
7fb2277cb000-7fb2279ca000 ---p 0000b000 08:07 654148                     /lib/x86_64-linux-gnu/libnss_files-2.23.so
7fb2279ca000-7fb2279cb000 r--p 0000a000 08:07 654148                     /lib/x86_64-linux-gnu/libnss_files-2.23.so
7fb2279cb000-7fb2279cc000 rw-p 0000b000 08:07 654148                     /lib/x86_64-linux-gnu/libnss_files-2.23.so
7fb2279cc000-7fb2279d2000 rw-p 00000000 00:00 0 
7fb2279d2000-7fb2279dd000 r-xp 00000000 08:07 653337                     /lib/x86_64-linux-gnu/libnss_nis-2.23.so
7fb2279dd000-7fb227bdc000 ---p 0000b000 08:07 653337                     /lib/x86_64-linux-gnu/libnss_nis-2.23.so
7fb227bdc000-7fb227bdd000 r--p 0000a000 08:07 653337                     /lib/x86_64-linux-gnu/libnss_nis-2.23.so
7fb227bdd000-7fb227bde000 rw-p 0000b000 08:07 653337                     /lib/x86_64-linux-gnu/libnss_nis-2.23.so
7fb227bde000-7fb227bf4000 r-xp 00000000 08:07 654138                     /lib/x86_64-linux-gnu/libnsl-2.23.so
7fb227bf4000-7fb227df3000 ---p 00016000 08:07 654138                     /lib/x86_64-linux-gnu/libnsl-2.23.so
7fb227df3000-7fb227df4000 r--p 00015000 08:07 654138                     /lib/x86_64-linux-gnu/libnsl-2.23.so
7fb227df4000-7fb227df5000 rw-p 00016000 08:07 654138                     /lib/x86_64-linux-gnu/libnsl-2.23.so
7fb227df5000-7fb227df7000 rw-p 00000000 00:00 0 
7fb227df7000-7fb227dff000 r-xp 00000000 08:07 654152                     /lib/x86_64-linux-gnu/libnss_compat-2.23.so
7fb227dff000-7fb227ffe000 ---p 00008000 08:07 654152                     /lib/x86_64-linux-gnu/libnss_compat-2.23.so
7fb227ffe000-7fb227fff000 r--p 00007000 08:07 654152                     /lib/x86_64-linux-gnu/libnss_compat-2.23.so
7fb227fff000-7fb228000000 rw-p 00008000 08:07 654152                     /lib/x86_64-linux-gnu/libnss_compat-2.23.so
7fb228000000-7fb228152000 rw-p 00000000 00:00 0 
7fb228152000-7fb22c000000 ---p 00000000 00:00 0 
7fb22c000000-7fb22c00a000 r--s 0006c000 08:05 669986                     /mnt/ddcf74aa-1b78-49fa-aa4f-6c819ce0872a/vas/1. Soft/jdk1.8.0_121/jre/lib/javaws.jar
7fb22c00a000-7fb22c00f000 r--s 002f9000 08:05 669824                     /mnt/ddcf74aa-1b78-49fa-aa4f-6c819ce0872a/vas/1. Soft/jdk1.8.0_121/jre/lib/charsets.jar
7fb22c00f000-7fb22c0a6000 rw-p 00000000 00:00 0 
7fb22c0a6000-7fb22c0d1000 r-xp 00000000 08:05 669929                     /mnt/ddcf74aa-1b78-49fa-aa4f-6c819ce0872a/vas/1. Soft/jdk1.8.0_121/jre/lib/amd64/libjava.so
7fb22c0d1000-7fb22c2d0000 ---p 0002b000 08:05 669929                     /mnt/ddcf74aa-1b78-49fa-aa4f-6c819ce0872a/vas/1. Soft/jdk1.8.0_121/jre/lib/amd64/libjava.so
7fb22c2d0000-7fb22c2d2000 rw-p 0002a000 08:05 669929                     /mnt/ddcf74aa-1b78-49fa-aa4f-6c819ce0872a/vas/1. Soft/jdk1.8.0_121/jre/lib/amd64/libjava.so
7fb22c2d2000-7fb22c2df000 r-xp 00000000 08:05 669880                     /mnt/ddcf74aa-1b78-49fa-aa4f-6c819ce0872a/vas/1. Soft/jdk1.8.0_121/jre/lib/amd64/libverify.so
7fb22c2df000-7fb22c4de000 ---p 0000d000 08:05 669880                     /mnt/ddcf74aa-1b78-49fa-aa4f-6c819ce0872a/vas/1. Soft/jdk1.8.0_121/jre/lib/amd64/libverify.so
7fb22c4de000-7fb22c4e0000 rw-p 0000c000 08:05 669880                     /mnt/ddcf74aa-1b78-49fa-aa4f-6c819ce0872a/vas/1. Soft/jdk1.8.0_121/jre/lib/amd64/libverify.so
7fb22c4e0000-7fb22c4e7000 r-xp 00000000 08:07 654155                     /lib/x86_64-linux-gnu/librt-2.23.so
7fb22c4e7000-7fb22c6e6000 ---p 00007000 08:07 654155                     /lib/x86_64-linux-gnu/librt-2.23.so
7fb22c6e6000-7fb22c6e7000 r--p 00006000 08:07 654155                     /lib/x86_64-linux-gnu/librt-2.23.so
7fb22c6e7000-7fb22c6e8000 rw-p 00007000 08:07 654155                     /lib/x86_64-linux-gnu/librt-2.23.so
7fb22c6e8000-7fb22c7f0000 r-xp 00000000 08:07 654136                     /lib/x86_64-linux-gnu/libm-2.23.so
7fb22c7f0000-7fb22c9ef000 ---p 00108000 08:07 654136                     /lib/x86_64-linux-gnu/libm-2.23.so
7fb22c9ef000-7fb22c9f0000 r--p 00107000 08:07 654136                     /lib/x86_64-linux-gnu/libm-2.23.so
7fb22c9f0000-7fb22c9f1000 rw-p 00108000 08:07 654136                     /lib/x86_64-linux-gnu/libm-2.23.so
7fb22c9f1000-7fb22d6bf000 r-xp 00000000 08:05 669933                     /mnt/ddcf74aa-1b78-49fa-aa4f-6c819ce0872a/vas/1. Soft/jdk1.8.0_121/jre/lib/amd64/server/libjvm.so
7fb22d6bf000-7fb22d8bf000 ---p 00cce000 08:05 669933                     /mnt/ddcf74aa-1b78-49fa-aa4f-6c819ce0872a/vas/1. Soft/jdk1.8.0_121/jre/lib/amd64/server/libjvm.so
7fb22d8bf000-7fb22d998000 rw-p 00cce000 08:05 669933                     /mnt/ddcf74aa-1b78-49fa-aa4f-6c819ce0872a/vas/1. Soft/jdk1.8.0_121/jre/lib/amd64/server/libjvm.so
7fb22d998000-7fb22d9e3000 rw-p 00000000 00:00 0 
7fb22d9e3000-7fb22dba2000 r-xp 00000000 08:07 654140                     /lib/x86_64-linux-gnu/libc-2.23.so
7fb22dba2000-7fb22dda2000 ---p 001bf000 08:07 654140                     /lib/x86_64-linux-gnu/libc-2.23.so
7fb22dda2000-7fb22dda6000 r--p 001bf000 08:07 654140                     /lib/x86_64-linux-gnu/libc-2.23.so
7fb22dda6000-7fb22dda8000 rw-p 001c3000 08:07 654140                     /lib/x86_64-linux-gnu/libc-2.23.so
7fb22dda8000-7fb22ddac000 rw-p 00000000 00:00 0 
7fb22ddac000-7fb22ddaf000 r-xp 00000000 08:07 653335                     /lib/x86_64-linux-gnu/libdl-2.23.so
7fb22ddaf000-7fb22dfae000 ---p 00003000 08:07 653335                     /lib/x86_64-linux-gnu/libdl-2.23.so
7fb22dfae000-7fb22dfaf000 r--p 00002000 08:07 653335                     /lib/x86_64-linux-gnu/libdl-2.23.so
7fb22dfaf000-7fb22dfb0000 rw-p 00003000 08:07 653335                     /lib/x86_64-linux-gnu/libdl-2.23.so
7fb22dfb0000-7fb22dfc5000 r-xp 00000000 08:05 534662                     /mnt/ddcf74aa-1b78-49fa-aa4f-6c819ce0872a/vas/1. Soft/jdk1.8.0_121/lib/amd64/jli/libjli.so
7fb22dfc5000-7fb22e1c5000 ---p 00015000 08:05 534662                     /mnt/ddcf74aa-1b78-49fa-aa4f-6c819ce0872a/vas/1. Soft/jdk1.8.0_121/lib/amd64/jli/libjli.so
7fb22e1c5000-7fb22e1c6000 rw-p 00015000 08:05 534662                     /mnt/ddcf74aa-1b78-49fa-aa4f-6c819ce0872a/vas/1. Soft/jdk1.8.0_121/lib/amd64/jli/libjli.so
7fb22e1c6000-7fb22e1de000 r-xp 00000000 08:07 654163                     /lib/x86_64-linux-gnu/libpthread-2.23.so
7fb22e1de000-7fb22e3dd000 ---p 00018000 08:07 654163                     /lib/x86_64-linux-gnu/libpthread-2.23.so
7fb22e3dd000-7fb22e3de000 r--p 00017000 08:07 654163                     /lib/x86_64-linux-gnu/libpthread-2.23.so
7fb22e3de000-7fb22e3df000 rw-p 00018000 08:07 654163                     /lib/x86_64-linux-gnu/libpthread-2.23.so
7fb22e3df000-7fb22e3e3000 rw-p 00000000 00:00 0 
7fb22e3e3000-7fb22e409000 r-xp 00000000 08:07 654142                     /lib/x86_64-linux-gnu/ld-2.23.so
7fb22e409000-7fb22e40b000 r--s 00019000 08:05 667355                     /mnt/ddcf74aa-1b78-49fa-aa4f-6c819ce0872a/vas/1. Soft/1. Идея Дистрибутив/2. Idea.16.3/Idea 16.3/lib/idea_rt.jar
7fb22e40b000-7fb22e40d000 r--s 00007000 08:05 669944                     /mnt/ddcf74aa-1b78-49fa-aa4f-6c819ce0872a/vas/1. Soft/jdk1.8.0_121/jre/lib/jfxswt.jar
7fb22e40d000-7fb22e4df000 rw-p 00000000 00:00 0 
7fb22e4df000-7fb22e4e2000 ---p 00000000 00:00 0 
7fb22e4e2000-7fb22e5e4000 rw-p 00000000 00:00 0 
7fb22e5e4000-7fb22e5e5000 r--s 00000000 08:05 669950                     /mnt/ddcf74aa-1b78-49fa-aa4f-6c819ce0872a/vas/1. Soft/jdk1.8.0_121/jre/lib/management-agent.jar
7fb22e5e5000-7fb22e5e8000 r--s 0001a000 08:05 670011                     /mnt/ddcf74aa-1b78-49fa-aa4f-6c819ce0872a/vas/1. Soft/jdk1.8.0_121/jre/lib/jce.jar
7fb22e5e8000-7fb22e5fc000 rw-p 00000000 00:00 0 
7fb22e5fc000-7fb22e604000 rw-s 00000000 08:07 669421                     /tmp/hsperfdata_skorpion/15378
7fb22e604000-7fb22e605000 rw-p 00000000 00:00 0 
7fb22e605000-7fb22e606000 ---p 00000000 00:00 0 
7fb22e606000-7fb22e608000 rw-p 00000000 00:00 0 
7fb22e608000-7fb22e609000 r--p 00025000 08:07 654142                     /lib/x86_64-linux-gnu/ld-2.23.so
7fb22e609000-7fb22e60a000 rw-p 00026000 08:07 654142                     /lib/x86_64-linux-gnu/ld-2.23.so
7fb22e60a000-7fb22e60b000 rw-p 00000000 00:00 0 
7fffe05ec000-7fffe060e000 rw-p 00000000 00:00 0                          [stack]
7fffe06d6000-7fffe06d8000 r--p 00000000 00:00 0                          [vvar]
7fffe06d8000-7fffe06da000 r-xp 00000000 00:00 0                          [vdso]
ffffffffff600000-ffffffffff601000 r-xp 00000000 00:00 0                  [vsyscall]

VM Arguments:
jvm_args: -Didea.launcher.port=7540 -Didea.launcher.bin.path=/mnt/ddcf74aa-1b78-49fa-aa4f-6c819ce0872a/vas/1. Soft/1. Идея Дистрибутив/2. Idea.16.3/Idea 16.3/bin -Dfile.encoding=UTF-8 
java_command: com.intellij.rt.execution.application.AppMain com.javarush.task.task29.task2905.Solution
java_class_path (initial): /mnt/ddcf74aa-1b78-49fa-aa4f-6c819ce0872a/vas/1. Soft/jdk1.8.0_121/jre/lib/charsets.jar:/mnt/ddcf74aa-1b78-49fa-aa4f-6c819ce0872a/vas/1. Soft/jdk1.8.0_121/jre/lib/deploy.jar:/mnt/ddcf74aa-1b78-49fa-aa4f-6c819ce0872a/vas/1. Soft/jdk1.8.0_121/jre/lib/ext/cldrdata.jar:/mnt/ddcf74aa-1b78-49fa-aa4f-6c819ce0872a/vas/1. Soft/jdk1.8.0_121/jre/lib/ext/dnsns.jar:/mnt/ddcf74aa-1b78-49fa-aa4f-6c819ce0872a/vas/1. Soft/jdk1.8.0_121/jre/lib/ext/jaccess.jar:/mnt/ddcf74aa-1b78-49fa-aa4f-6c819ce0872a/vas/1. Soft/jdk1.8.0_121/jre/lib/ext/jfxrt.jar:/mnt/ddcf74aa-1b78-49fa-aa4f-6c819ce0872a/vas/1. Soft/jdk1.8.0_121/jre/lib/ext/localedata.jar:/mnt/ddcf74aa-1b78-49fa-aa4f-6c819ce0872a/vas/1. Soft/jdk1.8.0_121/jre/lib/ext/nashorn.jar:/mnt/ddcf74aa-1b78-49fa-aa4f-6c819ce0872a/vas/1. Soft/jdk1.8.0_121/jre/lib/ext/sunec.jar:/mnt/ddcf74aa-1b78-49fa-aa4f-6c819ce0872a/vas/1. Soft/jdk1.8.0_121/jre/lib/ext/sunjce_provider.jar:/mnt/ddcf74aa-1b78-49fa-aa4f-6c819ce0872a/vas/1. Soft/jdk1.8.0_121/jre/lib/ext/sunpkcs11.jar:/mnt/ddcf74aa-1b78-49fa-aa4f-6c819ce0872a/vas/1. Soft/jdk1.8.0_121/jre/lib/ext/zipfs.jar:/mnt/ddcf74aa-1b78-49fa-aa4f-6c819ce0872a/vas/1. Soft/jdk1.8.0_121/jre/lib/javaws.jar:/mnt/ddcf74aa-1b78-49fa-aa4f-6c819ce0872a/vas/1. Soft/jdk1.8.0_121/jre/lib/jce.jar:/mnt/ddcf74aa-1b78-49fa-aa4f-6c819ce0872a/vas/1. Soft/jdk1.8.0_121/jre/lib/jfr.jar:/mnt/ddcf74aa-1b78-49fa-aa4f-6c819ce0872a/vas/1. Soft/jdk1.8.0_121/jre/lib/jfxswt.jar:/mnt/ddcf74aa-1b78-49fa-aa4f-6c819ce0872a/vas/1. Soft/jdk1.8.0_121/jre/lib/jsse.jar:/mnt/ddcf74aa-1b78-49fa-aa4f-6c819ce0872a/vas/1. Soft/jdk1.8.0_121/jre/lib/management-agent.jar:/mnt/ddcf74aa-1b78-49fa-aa4f-6c819ce0872a/vas/1. Soft/jdk1.8.0_121/jre/lib/plugin.jar:/mnt/ddcf74aa-1b78-49fa-aa4f-6c819ce0872a/vas/1. Soft/jdk1.8.0_121/jre/lib/resources.jar:/mnt/ddcf74aa-1b78-49fa-aa4f-6c819ce0872a/vas/1. Soft/jdk1.8.0_121/jre/lib/rt.jar:/mnt/BEFA1108FA10BE99/4. РАБОТА/4. JavaRush/JavaRushTasks/out/production/3.JavaMultithreading:/mnt/d
Launcher Type: SUN_STANDARD

Environment Variables:
PATH=/home/skorpion/bin:/home/skorpion/.local/bin:/usr/local/sbin:/usr/local/bin:/usr/sbin:/usr/bin:/sbin:/bin:/usr/games:/usr/local/games:/snap/bin
LD_LIBRARY_PATH=/mnt/ddcf74aa-1b78-49fa-aa4f-6c819ce0872a/vas/1. Soft/1. Идея Дистрибутив/2. Idea.16.3/Idea 16.3/bin:
SHELL=/bin/bash
DISPLAY=:0

Signal Handlers:
SIGSEGV: [libjvm.so+0xac78c0], sa_mask[0]=11111111011111111101111111111110, sa_flags=SA_RESTART|SA_SIGINFO
SIGBUS: [libjvm.so+0xac78c0], sa_mask[0]=11111111011111111101111111111110, sa_flags=SA_RESTART|SA_SIGINFO
SIGFPE: [libjvm.so+0x920ac0], sa_mask[0]=11111111011111111101111111111110, sa_flags=SA_RESTART|SA_SIGINFO
SIGPIPE: [libjvm.so+0x920ac0], sa_mask[0]=11111111011111111101111111111110, sa_flags=SA_RESTART|SA_SIGINFO
SIGXFSZ: [libjvm.so+0x920ac0], sa_mask[0]=11111111011111111101111111111110, sa_flags=SA_RESTART|SA_SIGINFO
SIGILL: [libjvm.so+0x920ac0], sa_mask[0]=11111111011111111101111111111110, sa_flags=SA_RESTART|SA_SIGINFO
SIGUSR1: SIG_DFL, sa_mask[0]=00000000000000000000000000000000, sa_flags=none
SIGUSR2: [libjvm.so+0x922300], sa_mask[0]=00100000000000000000000000000000, sa_flags=SA_RESTART|SA_SIGINFO
SIGHUP: [libjvm.so+0x923700], sa_mask[0]=11111111011111111101111111111110, sa_flags=SA_RESTART|SA_SIGINFO
SIGINT: [libjvm.so+0x923700], sa_mask[0]=11111111011111111101111111111110, sa_flags=SA_RESTART|SA_SIGINFO
SIGTERM: [libjvm.so+0x923700], sa_mask[0]=11111111011111111101111111111110, sa_flags=SA_RESTART|SA_SIGINFO
SIGQUIT: [libjvm.so+0x923700], sa_mask[0]=11111111011111111101111111111110, sa_flags=SA_RESTART|SA_SIGINFO


---------------  S Y S T E M  ---------------

OS:DISTRIB_ID=Ubuntu
DISTRIB_RELEASE=16.04
DISTRIB_CODENAME=xenial
DISTRIB_DESCRIPTION="Ubuntu 16.04.2 LTS"

uname:Linux 4.4.0-71-generic #92-Ubuntu SMP Fri Mar 24 12:59:01 UTC 2017 x86_64
libc:glibc 2.23 NPTL 2.23 
rlimit: STACK 8192k, CORE 0k, NPROC 15633, NOFILE 65536, AS infinity
load average:16,78 7,69 3,75

/proc/meminfo:
MemTotal:        4043756 kB
MemFree:          111928 kB
MemAvailable:      38916 kB
Buffers:            1216 kB
Cached:           145480 kB
SwapCached:         3060 kB
Active:          2920340 kB
Inactive:         491968 kB
Active(anon):    2898940 kB
Inactive(anon):   468720 kB
Active(file):      21400 kB
Inactive(file):    23248 kB
Unevictable:          64 kB
Mlocked:              64 kB
SwapTotal:       2098172 kB
SwapFree:             32 kB
Dirty:               156 kB
Writeback:             0 kB
AnonPages:       3264088 kB
Mapped:            76704 kB
Shmem:            101872 kB
Slab:             111592 kB
SReclaimable:      46036 kB
SUnreclaim:        65556 kB
KernelStack:       11312 kB
PageTables:        58048 kB
NFS_Unstable:          0 kB
Bounce:                0 kB
WritebackTmp:          0 kB
CommitLimit:     4120048 kB
Committed_AS:   10747632 kB
VmallocTotal:   34359738367 kB
VmallocUsed:           0 kB
VmallocChunk:          0 kB
HardwareCorrupted:     0 kB
AnonHugePages:   1345536 kB
CmaTotal:              0 kB
CmaFree:               0 kB
HugePages_Total:       0
HugePages_Free:        0
HugePages_Rsvd:        0
HugePages_Surp:        0
Hugepagesize:       2048 kB
DirectMap4k:      871936 kB
DirectMap2M:     3321856 kB


CPU:total 2 (2 cores per cpu, 1 threads per core) family 6 model 23 stepping 10, cmov, cx8, fxsr, mmx, sse, sse2, sse3, ssse3, tsc

/proc/cpuinfo:
processor	: 0
vendor_id	: GenuineIntel
cpu family	: 6
model		: 23
model name	: Pentium(R) Dual-Core  CPU      E6700  @ 3.20GHz
stepping	: 10
microcode	: 0xa0b
cpu MHz		: 3191.748
cache size	: 2048 KB
physical id	: 0
siblings	: 2
core id		: 0
cpu cores	: 2
apicid		: 0
initial apicid	: 0
fpu		: yes
fpu_exception	: yes
cpuid level	: 13
wp		: yes
flags		: fpu vme de pse tsc msr pae mce cx8 apic sep mtrr pge mca cmov pat pse36 clflush dts acpi mmx fxsr sse sse2 ss ht tm pbe syscall nx lm constant_tsc arch_perfmon pebs bts rep_good nopl aperfmperf pni dtes64 monitor ds_cpl vmx est tm2 ssse3 cx16 xtpr pdcm xsave lahf_lm tpr_shadow vnmi flexpriority dtherm
bugs		:
bogomips	: 6383.49
clflush size	: 64
cache_alignment	: 64
address sizes	: 36 bits physical, 48 bits virtual
power management:

processor	: 1
vendor_id	: GenuineIntel
cpu family	: 6
model		: 23
model name	: Pentium(R) Dual-Core  CPU      E6700  @ 3.20GHz
stepping	: 10
microcode	: 0xa0b
cpu MHz		: 3191.748
cache size	: 2048 KB
physical id	: 0
siblings	: 2
core id		: 1
cpu cores	: 2
apicid		: 1
initial apicid	: 1
fpu		: yes
fpu_exception	: yes
cpuid level	: 13
wp		: yes
flags		: fpu vme de pse tsc msr pae mce cx8 apic sep mtrr pge mca cmov pat pse36 clflush dts acpi mmx fxsr sse sse2 ss ht tm pbe syscall nx lm constant_tsc arch_perfmon pebs bts rep_good nopl aperfmperf pni dtes64 monitor ds_cpl vmx est tm2 ssse3 cx16 xtpr pdcm xsave lahf_lm tpr_shadow vnmi flexpriority dtherm
bugs		:
bogomips	: 6383.49
clflush size	: 64
cache_alignment	: 64
address sizes	: 36 bits physical, 48 bits virtual
power management:



Memory: 4k page, physical 4043756k(111928k free), swap 2098172k(32k free)

vm_info: Java HotSpot(TM) 64-Bit Server VM (25.121-b13) for linux-amd64 JRE (1.8.0_121-b13), built on Dec 12 2016 16:36:53 by "java_re" with gcc 4.3.0 20080428 (Red Hat 4.3.0-8)

time: Wed Apr  5 19:10:30 2017
elapsed time: 217 seconds (0d 0h 3m 37s)

